mode: atomic
github.com/kubernetes/kompose/pkg/loader/bundle/bundle.go:68.61,79.48 3 2
github.com/kubernetes/kompose/pkg/loader/bundle/bundle.go:106.2,106.18 1 2
github.com/kubernetes/kompose/pkg/loader/bundle/bundle.go:79.48,84.32 3 2
github.com/kubernetes/kompose/pkg/loader/bundle/bundle.go:84.32,86.69 1 18
github.com/kubernetes/kompose/pkg/loader/bundle/bundle.go:86.69,87.38 1 2
github.com/kubernetes/kompose/pkg/loader/bundle/bundle.go:87.38,89.27 2 2
github.com/kubernetes/kompose/pkg/loader/bundle/bundle.go:94.6,94.75 1 2
github.com/kubernetes/kompose/pkg/loader/bundle/bundle.go:100.6,101.37 2 1
github.com/kubernetes/kompose/pkg/loader/bundle/bundle.go:89.27,91.7 1 2
github.com/kubernetes/kompose/pkg/loader/bundle/bundle.go:94.75,95.27 1 2
github.com/kubernetes/kompose/pkg/loader/bundle/bundle.go:95.27,97.16 1 1
github.com/kubernetes/kompose/pkg/loader/bundle/bundle.go:110.49,112.48 2 0
github.com/kubernetes/kompose/pkg/loader/bundle/bundle.go:115.2,115.47 1 0
github.com/kubernetes/kompose/pkg/loader/bundle/bundle.go:112.48,114.3 1 0
github.com/kubernetes/kompose/pkg/loader/bundle/bundle.go:119.61,121.34 2 0
github.com/kubernetes/kompose/pkg/loader/bundle/bundle.go:152.2,152.18 1 0
github.com/kubernetes/kompose/pkg/loader/bundle/bundle.go:121.34,123.39 2 0
github.com/kubernetes/kompose/pkg/loader/bundle/bundle.go:123.39,132.4 5 0
github.com/kubernetes/kompose/pkg/loader/bundle/bundle.go:132.9,134.40 2 0
github.com/kubernetes/kompose/pkg/loader/bundle/bundle.go:134.40,140.43 6 0
github.com/kubernetes/kompose/pkg/loader/bundle/bundle.go:143.5,146.7 1 0
github.com/kubernetes/kompose/pkg/loader/bundle/bundle.go:140.43,142.6 1 0
github.com/kubernetes/kompose/pkg/loader/bundle/bundle.go:147.10,149.5 1 0
github.com/kubernetes/kompose/pkg/loader/bundle/bundle.go:156.58,158.37 2 0
github.com/kubernetes/kompose/pkg/loader/bundle/bundle.go:174.2,174.19 1 0
github.com/kubernetes/kompose/pkg/loader/bundle/bundle.go:158.37,160.24 2 0
github.com/kubernetes/kompose/pkg/loader/bundle/bundle.go:168.3,172.5 1 0
github.com/kubernetes/kompose/pkg/loader/bundle/bundle.go:161.11,162.23 1 0
github.com/kubernetes/kompose/pkg/loader/bundle/bundle.go:163.14,164.23 1 0
github.com/kubernetes/kompose/pkg/loader/bundle/bundle.go:165.14,166.23 1 0
github.com/kubernetes/kompose/pkg/loader/bundle/bundle.go:178.74,185.16 4 0
github.com/kubernetes/kompose/pkg/loader/bundle/bundle.go:188.2,190.16 3 0
github.com/kubernetes/kompose/pkg/loader/bundle/bundle.go:194.2,195.36 2 0
github.com/kubernetes/kompose/pkg/loader/bundle/bundle.go:199.2,199.45 1 0
github.com/kubernetes/kompose/pkg/loader/bundle/bundle.go:231.2,231.27 1 0
github.com/kubernetes/kompose/pkg/loader/bundle/bundle.go:185.16,187.3 1 0
github.com/kubernetes/kompose/pkg/loader/bundle/bundle.go:190.16,192.3 1 0
github.com/kubernetes/kompose/pkg/loader/bundle/bundle.go:195.36,197.3 1 0
github.com/kubernetes/kompose/pkg/loader/bundle/bundle.go:199.45,207.17 6 0
github.com/kubernetes/kompose/pkg/loader/bundle/bundle.go:210.3,213.17 3 0
github.com/kubernetes/kompose/pkg/loader/bundle/bundle.go:216.3,219.17 3 0
github.com/kubernetes/kompose/pkg/loader/bundle/bundle.go:222.3,224.32 2 0
github.com/kubernetes/kompose/pkg/loader/bundle/bundle.go:228.3,228.53 1 0
github.com/kubernetes/kompose/pkg/loader/bundle/bundle.go:207.17,209.4 1 0
github.com/kubernetes/kompose/pkg/loader/bundle/bundle.go:213.17,215.4 1 0
github.com/kubernetes/kompose/pkg/loader/bundle/bundle.go:219.17,221.4 1 0
github.com/kubernetes/kompose/pkg/loader/bundle/bundle.go:224.32,226.4 1 0
github.com/kubernetes/kompose/pkg/loader/bundle/bundle.go:235.54,239.51 3 0
github.com/kubernetes/kompose/pkg/loader/bundle/bundle.go:256.2,256.24 1 0
github.com/kubernetes/kompose/pkg/loader/bundle/bundle.go:239.51,240.32 1 0
github.com/kubernetes/kompose/pkg/loader/bundle/bundle.go:253.3,253.18 1 0
github.com/kubernetes/kompose/pkg/loader/bundle/bundle.go:241.26,245.21 1 0
github.com/kubernetes/kompose/pkg/loader/bundle/bundle.go:246.33,251.19 1 0
github.com/kubernetes/kompose/pkg/loader/compose/utils.go:71.52,73.27 2 8
github.com/kubernetes/kompose/pkg/loader/compose/utils.go:110.2,110.13 1 8
github.com/kubernetes/kompose/pkg/loader/compose/utils.go:73.27,77.10 4 8
github.com/kubernetes/kompose/pkg/loader/compose/utils.go:92.3,92.22 1 8
github.com/kubernetes/kompose/pkg/loader/compose/utils.go:78.41,79.18 1 2
github.com/kubernetes/kompose/pkg/loader/compose/utils.go:80.41,81.19 1 2
github.com/kubernetes/kompose/pkg/loader/compose/utils.go:82.41,83.19 1 2
github.com/kubernetes/kompose/pkg/loader/compose/utils.go:84.41,85.27 1 2
github.com/kubernetes/kompose/pkg/loader/compose/utils.go:85.27,87.5 1 1
github.com/kubernetes/kompose/pkg/loader/compose/utils.go:87.10,89.5 1 1
github.com/kubernetes/kompose/pkg/loader/compose/utils.go:92.22,97.4 1 2
github.com/kubernetes/kompose/pkg/loader/compose/utils.go:97.9,100.23 2 6
github.com/kubernetes/kompose/pkg/loader/compose/utils.go:103.4,106.6 1 6
github.com/kubernetes/kompose/pkg/loader/compose/utils.go:100.23,102.5 1 2
github.com/kubernetes/kompose/pkg/loader/compose/utils.go:115.61,117.40 2 0
github.com/kubernetes/kompose/pkg/loader/compose/utils.go:124.2,124.37 1 0
github.com/kubernetes/kompose/pkg/loader/compose/utils.go:117.40,119.17 2 0
github.com/kubernetes/kompose/pkg/loader/compose/utils.go:122.3,122.48 1 0
github.com/kubernetes/kompose/pkg/loader/compose/utils.go:119.17,121.4 1 0
github.com/kubernetes/kompose/pkg/loader/compose/utils.go:127.60,128.38 1 7
github.com/kubernetes/kompose/pkg/loader/compose/utils.go:129.23,130.47 1 3
github.com/kubernetes/kompose/pkg/loader/compose/utils.go:131.18,132.46 1 2
github.com/kubernetes/kompose/pkg/loader/compose/utils.go:133.22,134.50 1 2
github.com/kubernetes/kompose/pkg/loader/compose/utils.go:135.18,136.34 1 0
github.com/kubernetes/kompose/pkg/loader/compose/utils.go:137.10,138.132 1 0
github.com/kubernetes/kompose/pkg/loader/compose/utils.go:142.53,144.2 1 0
github.com/kubernetes/kompose/pkg/loader/compose/utils.go:146.51,149.2 2 3
github.com/kubernetes/kompose/pkg/loader/compose/utils.go:151.46,153.2 1 0
github.com/kubernetes/kompose/pkg/loader/compose/utils.go:155.60,159.16 4 4
github.com/kubernetes/kompose/pkg/loader/compose/utils.go:162.2,163.20 2 4
github.com/kubernetes/kompose/pkg/loader/compose/utils.go:159.16,161.3 1 0
github.com/kubernetes/kompose/pkg/loader/compose/utils.go:167.48,168.21 1 0
github.com/kubernetes/kompose/pkg/loader/compose/utils.go:176.2,176.34 1 0
github.com/kubernetes/kompose/pkg/loader/compose/utils.go:168.21,169.23 1 0
github.com/kubernetes/kompose/pkg/loader/compose/utils.go:174.3,174.24 1 0
github.com/kubernetes/kompose/pkg/loader/compose/utils.go:169.23,173.4 3 0
github.com/kubernetes/kompose/pkg/loader/compose/v1v2.go:43.63,48.35 3 0
github.com/kubernetes/kompose/pkg/loader/compose/v1v2.go:52.2,52.38 1 0
github.com/kubernetes/kompose/pkg/loader/compose/v1v2.go:68.2,70.16 3 0
github.com/kubernetes/kompose/pkg/loader/compose/v1v2.go:74.2,75.36 2 0
github.com/kubernetes/kompose/pkg/loader/compose/v1v2.go:80.2,81.16 2 0
github.com/kubernetes/kompose/pkg/loader/compose/v1v2.go:85.2,85.27 1 0
github.com/kubernetes/kompose/pkg/loader/compose/v1v2.go:48.35,50.3 1 0
github.com/kubernetes/kompose/pkg/loader/compose/v1v2.go:52.38,54.17 2 0
github.com/kubernetes/kompose/pkg/loader/compose/v1v2.go:57.3,64.4 1 0
github.com/kubernetes/kompose/pkg/loader/compose/v1v2.go:54.17,56.4 1 0
github.com/kubernetes/kompose/pkg/loader/compose/v1v2.go:70.16,72.3 1 0
github.com/kubernetes/kompose/pkg/loader/compose/v1v2.go:75.36,77.3 1 0
github.com/kubernetes/kompose/pkg/loader/compose/v1v2.go:81.16,83.3 1 0
github.com/kubernetes/kompose/pkg/loader/compose/v1v2.go:90.81,94.34 3 9
github.com/kubernetes/kompose/pkg/loader/compose/v1v2.go:142.2,142.23 1 9
github.com/kubernetes/kompose/pkg/loader/compose/v1v2.go:147.2,147.19 1 9
github.com/kubernetes/kompose/pkg/loader/compose/v1v2.go:166.2,166.16 1 9
github.com/kubernetes/kompose/pkg/loader/compose/v1v2.go:94.34,97.55 2 11
github.com/kubernetes/kompose/pkg/loader/compose/v1v2.go:104.3,105.17 2 11
github.com/kubernetes/kompose/pkg/loader/compose/v1v2.go:112.3,112.26 1 11
github.com/kubernetes/kompose/pkg/loader/compose/v1v2.go:119.3,120.21 2 11
github.com/kubernetes/kompose/pkg/loader/compose/v1v2.go:123.3,125.27 2 11
github.com/kubernetes/kompose/pkg/loader/compose/v1v2.go:97.55,98.72 1 2
github.com/kubernetes/kompose/pkg/loader/compose/v1v2.go:101.4,101.21 1 2
github.com/kubernetes/kompose/pkg/loader/compose/v1v2.go:98.72,100.5 1 0
github.com/kubernetes/kompose/pkg/loader/compose/v1v2.go:105.17,107.4 1 0
github.com/kubernetes/kompose/pkg/loader/compose/v1v2.go:112.26,113.25 1 26
github.com/kubernetes/kompose/pkg/loader/compose/v1v2.go:113.25,116.5 2 26
github.com/kubernetes/kompose/pkg/loader/compose/v1v2.go:120.21,122.4 1 26
github.com/kubernetes/kompose/pkg/loader/compose/v1v2.go:125.27,127.18 2 26
github.com/kubernetes/kompose/pkg/loader/compose/v1v2.go:130.4,130.27 1 26
github.com/kubernetes/kompose/pkg/loader/compose/v1v2.go:127.18,129.5 1 0
github.com/kubernetes/kompose/pkg/loader/compose/v1v2.go:130.27,137.5 1 26
github.com/kubernetes/kompose/pkg/loader/compose/v1v2.go:142.23,145.3 1 26
github.com/kubernetes/kompose/pkg/loader/compose/v1v2.go:147.19,148.31 1 1
github.com/kubernetes/kompose/pkg/loader/compose/v1v2.go:148.31,151.40 3 2
github.com/kubernetes/kompose/pkg/loader/compose/v1v2.go:157.4,157.42 1 2
github.com/kubernetes/kompose/pkg/loader/compose/v1v2.go:151.40,155.5 3 0
github.com/kubernetes/kompose/pkg/loader/compose/v1v2.go:157.42,162.5 1 1
github.com/kubernetes/kompose/pkg/loader/compose/v1v2.go:170.96,179.77 2 0
github.com/kubernetes/kompose/pkg/loader/compose/v1v2.go:286.2,288.27 2 0
github.com/kubernetes/kompose/pkg/loader/compose/v1v2.go:179.77,186.52 7 0
github.com/kubernetes/kompose/pkg/loader/compose/v1v2.go:189.3,201.47 10 0
github.com/kubernetes/kompose/pkg/loader/compose/v1v2.go:206.3,207.17 2 0
github.com/kubernetes/kompose/pkg/loader/compose/v1v2.go:210.3,214.42 3 0
github.com/kubernetes/kompose/pkg/loader/compose/v1v2.go:224.3,224.89 1 0
github.com/kubernetes/kompose/pkg/loader/compose/v1v2.go:228.3,229.17 2 0
github.com/kubernetes/kompose/pkg/loader/compose/v1v2.go:234.3,251.48 15 0
github.com/kubernetes/kompose/pkg/loader/compose/v1v2.go:256.3,256.43 1 0
github.com/kubernetes/kompose/pkg/loader/compose/v1v2.go:273.3,274.17 2 0
github.com/kubernetes/kompose/pkg/loader/compose/v1v2.go:277.3,280.42 3 0
github.com/kubernetes/kompose/pkg/loader/compose/v1v2.go:186.52,188.4 1 0
github.com/kubernetes/kompose/pkg/loader/compose/v1v2.go:201.47,203.4 1 0
github.com/kubernetes/kompose/pkg/loader/compose/v1v2.go:207.17,209.4 1 0
github.com/kubernetes/kompose/pkg/loader/compose/v1v2.go:214.42,215.64 1 0
github.com/kubernetes/kompose/pkg/loader/compose/v1v2.go:215.64,218.5 2 0
github.com/kubernetes/kompose/pkg/loader/compose/v1v2.go:224.89,226.4 1 0
github.com/kubernetes/kompose/pkg/loader/compose/v1v2.go:229.17,231.4 1 0
github.com/kubernetes/kompose/pkg/loader/compose/v1v2.go:251.48,254.4 2 0
github.com/kubernetes/kompose/pkg/loader/compose/v1v2.go:256.43,257.55 1 0
github.com/kubernetes/kompose/pkg/loader/compose/v1v2.go:257.55,258.66 1 0
github.com/kubernetes/kompose/pkg/loader/compose/v1v2.go:258.66,259.33 1 0
github.com/kubernetes/kompose/pkg/loader/compose/v1v2.go:259.33,261.21 2 0
github.com/kubernetes/kompose/pkg/loader/compose/v1v2.go:264.7,264.49 1 0
github.com/kubernetes/kompose/pkg/loader/compose/v1v2.go:267.7,267.82 1 0
github.com/kubernetes/kompose/pkg/loader/compose/v1v2.go:261.21,263.8 1 0
github.com/kubernetes/kompose/pkg/loader/compose/v1v2.go:264.49,266.8 1 0
github.com/kubernetes/kompose/pkg/loader/compose/v1v2.go:274.17,276.4 1 0
github.com/kubernetes/kompose/pkg/loader/compose/v1v2.go:280.42,282.4 1 0
github.com/kubernetes/kompose/pkg/loader/compose/v1v2.go:292.57,293.49 1 0
github.com/kubernetes/kompose/pkg/loader/compose/v1v2.go:293.49,296.17 2 0
github.com/kubernetes/kompose/pkg/loader/compose/v1v2.go:300.3,302.44 3 0
github.com/kubernetes/kompose/pkg/loader/compose/v1v2.go:296.17,298.4 1 0
github.com/kubernetes/kompose/pkg/loader/compose/v1v2.go:306.74,307.73 1 2
github.com/kubernetes/kompose/pkg/loader/compose/v1v2.go:310.2,310.12 1 1
github.com/kubernetes/kompose/pkg/loader/compose/v1v2.go:307.73,309.3 1 1
github.com/kubernetes/kompose/pkg/loader/compose/v1v2.go:314.112,316.62 1 0
github.com/kubernetes/kompose/pkg/loader/compose/v1v2.go:363.2,363.8 1 0
github.com/kubernetes/kompose/pkg/loader/compose/v1v2.go:316.62,318.76 1 0
github.com/kubernetes/kompose/pkg/loader/compose/v1v2.go:318.76,321.18 2 0
github.com/kubernetes/kompose/pkg/loader/compose/v1v2.go:324.4,326.18 3 0
github.com/kubernetes/kompose/pkg/loader/compose/v1v2.go:330.4,330.29 1 0
github.com/kubernetes/kompose/pkg/loader/compose/v1v2.go:347.4,347.29 1 0
github.com/kubernetes/kompose/pkg/loader/compose/v1v2.go:321.18,323.5 1 0
github.com/kubernetes/kompose/pkg/loader/compose/v1v2.go:326.18,328.5 1 0
github.com/kubernetes/kompose/pkg/loader/compose/v1v2.go:330.29,333.11 2 0
github.com/kubernetes/kompose/pkg/loader/compose/v1v2.go:344.5,344.32 1 0
github.com/kubernetes/kompose/pkg/loader/compose/v1v2.go:333.11,335.24 1 0
github.com/kubernetes/kompose/pkg/loader/compose/v1v2.go:342.6,342.29 1 0
github.com/kubernetes/kompose/pkg/loader/compose/v1v2.go:335.24,338.7 2 0
github.com/kubernetes/kompose/pkg/loader/compose/v1v2.go:338.12,341.7 2 0
github.com/kubernetes/kompose/pkg/loader/compose/v1v2.go:347.29,349.38 1 0
github.com/kubernetes/kompose/pkg/loader/compose/v1v2.go:349.38,353.6 2 0
github.com/kubernetes/kompose/pkg/loader/compose/v1v2.go:356.8,359.17 2 0
github.com/kubernetes/kompose/pkg/loader/compose/v1v2.go:359.17,361.4 1 0
github.com/kubernetes/kompose/pkg/loader/compose/v1v2.go:367.75,368.29 1 0
github.com/kubernetes/kompose/pkg/loader/compose/v1v2.go:373.2,373.13 1 0
github.com/kubernetes/kompose/pkg/loader/compose/v1v2.go:368.29,369.32 1 0
github.com/kubernetes/kompose/pkg/loader/compose/v1v2.go:369.32,371.4 1 0
github.com/kubernetes/kompose/pkg/loader/compose/v1v2.go:377.78,381.30 3 0
github.com/kubernetes/kompose/pkg/loader/compose/v1v2.go:394.2,394.21 1 0
github.com/kubernetes/kompose/pkg/loader/compose/v1v2.go:381.30,384.17 3 0
github.com/kubernetes/kompose/pkg/loader/compose/v1v2.go:387.3,391.31 5 0
github.com/kubernetes/kompose/pkg/loader/compose/v1v2.go:384.17,386.4 1 0
github.com/kubernetes/kompose/pkg/loader/compose/v1v2.go:398.85,399.26 1 0
github.com/kubernetes/kompose/pkg/loader/compose/v1v2.go:404.2,404.33 1 0
github.com/kubernetes/kompose/pkg/loader/compose/v1v2.go:399.26,400.39 1 0
github.com/kubernetes/kompose/pkg/loader/compose/v1v2.go:400.39,402.4 1 0
github.com/kubernetes/kompose/pkg/loader/compose/v1v2.go:408.51,410.26 2 0
github.com/kubernetes/kompose/pkg/loader/compose/v1v2.go:417.2,417.22 1 0
github.com/kubernetes/kompose/pkg/loader/compose/v1v2.go:410.26,412.17 2 0
github.com/kubernetes/kompose/pkg/loader/compose/v1v2.go:415.3,415.40 1 0
github.com/kubernetes/kompose/pkg/loader/compose/v1v2.go:412.17,414.4 1 0
github.com/kubernetes/kompose/pkg/loader/compose/v3.go:45.52,48.24 3 0
github.com/kubernetes/kompose/pkg/loader/compose/v3.go:56.2,56.20 1 0
github.com/kubernetes/kompose/pkg/loader/compose/v3.go:48.24,50.32 1 0
github.com/kubernetes/kompose/pkg/loader/compose/v3.go:53.3,54.24 2 0
github.com/kubernetes/kompose/pkg/loader/compose/v3.go:50.32,52.4 1 0
github.com/kubernetes/kompose/pkg/loader/compose/v3.go:62.61,68.16 2 0
github.com/kubernetes/kompose/pkg/loader/compose/v3.go:73.2,74.16 2 0
github.com/kubernetes/kompose/pkg/loader/compose/v3.go:78.2,79.29 2 0
github.com/kubernetes/kompose/pkg/loader/compose/v3.go:123.2,124.36 2 0
github.com/kubernetes/kompose/pkg/loader/compose/v3.go:129.2,130.16 2 0
github.com/kubernetes/kompose/pkg/loader/compose/v3.go:134.2,134.27 1 0
github.com/kubernetes/kompose/pkg/loader/compose/v3.go:68.16,70.3 1 0
github.com/kubernetes/kompose/pkg/loader/compose/v3.go:74.16,76.3 1 0
github.com/kubernetes/kompose/pkg/loader/compose/v3.go:79.29,82.17 2 0
github.com/kubernetes/kompose/pkg/loader/compose/v3.go:87.3,88.17 2 0
github.com/kubernetes/kompose/pkg/loader/compose/v3.go:93.3,110.17 4 0
github.com/kubernetes/kompose/pkg/loader/compose/v3.go:113.3,113.20 1 0
github.com/kubernetes/kompose/pkg/loader/compose/v3.go:82.17,84.4 1 0
github.com/kubernetes/kompose/pkg/loader/compose/v3.go:88.17,90.4 1 0
github.com/kubernetes/kompose/pkg/loader/compose/v3.go:110.17,112.4 1 0
github.com/kubernetes/kompose/pkg/loader/compose/v3.go:113.20,115.4 1 0
github.com/kubernetes/kompose/pkg/loader/compose/v3.go:115.9,117.18 2 0
github.com/kubernetes/kompose/pkg/loader/compose/v3.go:117.18,119.5 1 0
github.com/kubernetes/kompose/pkg/loader/compose/v3.go:124.36,126.3 1 0
github.com/kubernetes/kompose/pkg/loader/compose/v3.go:130.16,132.3 1 0
github.com/kubernetes/kompose/pkg/loader/compose/v3.go:137.62,140.32 3 1
github.com/kubernetes/kompose/pkg/loader/compose/v3.go:157.2,157.18 1 1
github.com/kubernetes/kompose/pkg/loader/compose/v3.go:140.32,142.17 2 2
github.com/kubernetes/kompose/pkg/loader/compose/v3.go:146.3,146.30 1 1
github.com/kubernetes/kompose/pkg/loader/compose/v3.go:142.17,144.12 2 1
github.com/kubernetes/kompose/pkg/loader/compose/v3.go:146.30,148.4 1 0
github.com/kubernetes/kompose/pkg/loader/compose/v3.go:148.9,148.53 1 1
github.com/kubernetes/kompose/pkg/loader/compose/v3.go:148.53,150.4 1 0
github.com/kubernetes/kompose/pkg/loader/compose/v3.go:150.9,150.53 1 1
github.com/kubernetes/kompose/pkg/loader/compose/v3.go:150.53,153.4 2 1
github.com/kubernetes/kompose/pkg/loader/compose/v3.go:153.9,155.4 1 0
github.com/kubernetes/kompose/pkg/loader/compose/v3.go:164.66,166.30 2 1
github.com/kubernetes/kompose/pkg/loader/compose/v3.go:180.2,180.17 1 1
github.com/kubernetes/kompose/pkg/loader/compose/v3.go:166.30,170.23 2 1
github.com/kubernetes/kompose/pkg/loader/compose/v3.go:174.3,174.19 1 1
github.com/kubernetes/kompose/pkg/loader/compose/v3.go:178.3,178.33 1 1
github.com/kubernetes/kompose/pkg/loader/compose/v3.go:170.23,172.4 1 1
github.com/kubernetes/kompose/pkg/loader/compose/v3.go:174.19,176.4 1 1
github.com/kubernetes/kompose/pkg/loader/compose/v3.go:185.84,190.29 3 2
github.com/kubernetes/kompose/pkg/loader/compose/v3.go:204.2,204.19 1 2
github.com/kubernetes/kompose/pkg/loader/compose/v3.go:226.2,226.21 1 2
github.com/kubernetes/kompose/pkg/loader/compose/v3.go:190.29,202.3 2 2
github.com/kubernetes/kompose/pkg/loader/compose/v3.go:204.19,205.31 1 2
github.com/kubernetes/kompose/pkg/loader/compose/v3.go:205.31,208.40 3 3
github.com/kubernetes/kompose/pkg/loader/compose/v3.go:214.4,214.41 1 3
github.com/kubernetes/kompose/pkg/loader/compose/v3.go:217.4,222.6 1 2
github.com/kubernetes/kompose/pkg/loader/compose/v3.go:208.40,212.5 3 1
github.com/kubernetes/kompose/pkg/loader/compose/v3.go:214.41,215.13 1 1
github.com/kubernetes/kompose/pkg/loader/compose/v3.go:232.82,238.33 4 0
github.com/kubernetes/kompose/pkg/loader/compose/v3.go:269.2,269.23 1 0
github.com/kubernetes/kompose/pkg/loader/compose/v3.go:273.2,273.48 1 0
github.com/kubernetes/kompose/pkg/loader/compose/v3.go:278.2,285.8 1 0
github.com/kubernetes/kompose/pkg/loader/compose/v3.go:238.33,239.14 1 0
github.com/kubernetes/kompose/pkg/loader/compose/v3.go:240.36,241.32 1 0
github.com/kubernetes/kompose/pkg/loader/compose/v3.go:242.33,243.22 1 0
github.com/kubernetes/kompose/pkg/loader/compose/v3.go:246.37,248.18 2 0
github.com/kubernetes/kompose/pkg/loader/compose/v3.go:251.4,251.37 1 0
github.com/kubernetes/kompose/pkg/loader/compose/v3.go:252.36,254.18 2 0
github.com/kubernetes/kompose/pkg/loader/compose/v3.go:257.4,257.36 1 0
github.com/kubernetes/kompose/pkg/loader/compose/v3.go:258.36,259.33 1 0
github.com/kubernetes/kompose/pkg/loader/compose/v3.go:260.40,262.18 2 0
github.com/kubernetes/kompose/pkg/loader/compose/v3.go:265.4,265.40 1 0
github.com/kubernetes/kompose/pkg/loader/compose/v3.go:243.22,245.5 1 0
github.com/kubernetes/kompose/pkg/loader/compose/v3.go:248.18,250.5 1 0
github.com/kubernetes/kompose/pkg/loader/compose/v3.go:254.18,256.5 1 0
github.com/kubernetes/kompose/pkg/loader/compose/v3.go:262.18,264.5 1 0
github.com/kubernetes/kompose/pkg/loader/compose/v3.go:269.23,272.3 2 0
github.com/kubernetes/kompose/pkg/loader/compose/v3.go:273.48,275.3 1 0
github.com/kubernetes/kompose/pkg/loader/compose/v3.go:291.117,298.39 5 2
github.com/kubernetes/kompose/pkg/loader/compose/v3.go:306.2,306.40 1 2
github.com/kubernetes/kompose/pkg/loader/compose/v3.go:314.2,314.39 1 2
github.com/kubernetes/kompose/pkg/loader/compose/v3.go:318.2,318.43 1 2
github.com/kubernetes/kompose/pkg/loader/compose/v3.go:326.2,326.36 1 2
github.com/kubernetes/kompose/pkg/loader/compose/v3.go:330.2,330.33 1 2
github.com/kubernetes/kompose/pkg/loader/compose/v3.go:340.2,348.8 1 2
github.com/kubernetes/kompose/pkg/loader/compose/v3.go:298.39,300.17 2 2
github.com/kubernetes/kompose/pkg/loader/compose/v3.go:303.3,303.35 1 2
github.com/kubernetes/kompose/pkg/loader/compose/v3.go:300.17,302.4 1 0
github.com/kubernetes/kompose/pkg/loader/compose/v3.go:306.40,308.17 2 2
github.com/kubernetes/kompose/pkg/loader/compose/v3.go:311.3,311.36 1 2
github.com/kubernetes/kompose/pkg/loader/compose/v3.go:308.17,310.4 1 0
github.com/kubernetes/kompose/pkg/loader/compose/v3.go:314.39,316.3 1 2
github.com/kubernetes/kompose/pkg/loader/compose/v3.go:318.43,320.17 2 2
github.com/kubernetes/kompose/pkg/loader/compose/v3.go:323.3,323.39 1 2
github.com/kubernetes/kompose/pkg/loader/compose/v3.go:320.17,322.4 1 0
github.com/kubernetes/kompose/pkg/loader/compose/v3.go:326.36,328.3 1 1
github.com/kubernetes/kompose/pkg/loader/compose/v3.go:330.33,331.14 1 2
github.com/kubernetes/kompose/pkg/loader/compose/v3.go:332.39,333.20 1 1
github.com/kubernetes/kompose/pkg/loader/compose/v3.go:334.39,335.34 1 1
github.com/kubernetes/kompose/pkg/loader/compose/v3.go:351.96,362.62 2 0
github.com/kubernetes/kompose/pkg/loader/compose/v3.go:488.2,490.27 2 0
github.com/kubernetes/kompose/pkg/loader/compose/v3.go:362.62,387.50 22 0
github.com/kubernetes/kompose/pkg/loader/compose/v3.go:391.3,393.81 2 0
github.com/kubernetes/kompose/pkg/loader/compose/v3.go:399.3,404.91 3 0
github.com/kubernetes/kompose/pkg/loader/compose/v3.go:413.3,414.107 2 0
github.com/kubernetes/kompose/pkg/loader/compose/v3.go:423.3,424.55 2 0
github.com/kubernetes/kompose/pkg/loader/compose/v3.go:427.3,427.48 1 0
github.com/kubernetes/kompose/pkg/loader/compose/v3.go:433.3,433.50 1 0
github.com/kubernetes/kompose/pkg/loader/compose/v3.go:438.3,440.54 2 0
github.com/kubernetes/kompose/pkg/loader/compose/v3.go:447.3,470.89 9 0
github.com/kubernetes/kompose/pkg/loader/compose/v3.go:475.3,475.42 1 0
github.com/kubernetes/kompose/pkg/loader/compose/v3.go:479.3,481.56 3 0
github.com/kubernetes/kompose/pkg/loader/compose/v3.go:485.3,485.76 1 0
github.com/kubernetes/kompose/pkg/loader/compose/v3.go:387.50,389.4 1 0
github.com/kubernetes/kompose/pkg/loader/compose/v3.go:393.81,395.4 1 0
github.com/kubernetes/kompose/pkg/loader/compose/v3.go:404.91,407.18 3 0
github.com/kubernetes/kompose/pkg/loader/compose/v3.go:407.18,409.5 1 0
github.com/kubernetes/kompose/pkg/loader/compose/v3.go:414.107,416.27 2 0
github.com/kubernetes/kompose/pkg/loader/compose/v3.go:416.27,418.5 1 0
github.com/kubernetes/kompose/pkg/loader/compose/v3.go:424.55,426.4 1 0
github.com/kubernetes/kompose/pkg/loader/compose/v3.go:427.48,430.4 2 0
github.com/kubernetes/kompose/pkg/loader/compose/v3.go:433.50,435.4 1 0
github.com/kubernetes/kompose/pkg/loader/compose/v3.go:440.54,442.4 1 0
github.com/kubernetes/kompose/pkg/loader/compose/v3.go:470.89,472.4 1 0
github.com/kubernetes/kompose/pkg/loader/compose/v3.go:475.42,477.4 1 0
github.com/kubernetes/kompose/pkg/loader/compose/v3.go:481.56,483.4 1 0
github.com/kubernetes/kompose/pkg/loader/compose/v3.go:493.131,494.45 1 0
github.com/kubernetes/kompose/pkg/loader/compose/v3.go:494.45,495.66 1 0
github.com/kubernetes/kompose/pkg/loader/compose/v3.go:495.66,497.4 1 0
github.com/kubernetes/kompose/pkg/loader/compose/v3.go:498.8,500.50 2 0
github.com/kubernetes/kompose/pkg/loader/compose/v3.go:500.50,505.21 3 0
github.com/kubernetes/kompose/pkg/loader/compose/v3.go:508.4,508.66 1 0
github.com/kubernetes/kompose/pkg/loader/compose/v3.go:505.21,507.5 1 0
github.com/kubernetes/kompose/pkg/loader/compose/v3.go:513.110,514.66 1 0
github.com/kubernetes/kompose/pkg/loader/compose/v3.go:546.2,546.12 1 0
github.com/kubernetes/kompose/pkg/loader/compose/v3.go:514.66,523.58 1 0
github.com/kubernetes/kompose/pkg/loader/compose/v3.go:534.3,534.64 1 0
github.com/kubernetes/kompose/pkg/loader/compose/v3.go:523.58,526.67 2 0
github.com/kubernetes/kompose/pkg/loader/compose/v3.go:526.67,528.19 2 0
github.com/kubernetes/kompose/pkg/loader/compose/v3.go:531.5,531.52 1 0
github.com/kubernetes/kompose/pkg/loader/compose/v3.go:528.19,530.6 1 0
github.com/kubernetes/kompose/pkg/loader/compose/v3.go:534.64,537.73 2 0
github.com/kubernetes/kompose/pkg/loader/compose/v3.go:537.73,539.19 2 0
github.com/kubernetes/kompose/pkg/loader/compose/v3.go:542.5,542.64 1 0
github.com/kubernetes/kompose/pkg/loader/compose/v3.go:539.19,541.6 1 0
github.com/kubernetes/kompose/pkg/loader/compose/v3.go:549.106,554.60 1 0
github.com/kubernetes/kompose/pkg/loader/compose/v3.go:554.60,556.19 2 0
github.com/kubernetes/kompose/pkg/loader/compose/v3.go:566.3,566.69 1 0
github.com/kubernetes/kompose/pkg/loader/compose/v3.go:556.19,558.4 1 0
github.com/kubernetes/kompose/pkg/loader/compose/v3.go:558.9,560.10 2 0
github.com/kubernetes/kompose/pkg/loader/compose/v3.go:560.10,562.5 1 0
github.com/kubernetes/kompose/pkg/loader/compose/v3.go:562.10,563.13 1 0
github.com/kubernetes/kompose/pkg/loader/compose/v3.go:571.95,576.33 1 0
github.com/kubernetes/kompose/pkg/loader/compose/v3.go:580.2,580.33 1 0
github.com/kubernetes/kompose/pkg/loader/compose/v3.go:604.2,604.79 1 0
github.com/kubernetes/kompose/pkg/loader/compose/v3.go:608.2,608.101 1 0
github.com/kubernetes/kompose/pkg/loader/compose/v3.go:612.2,612.68 1 0
github.com/kubernetes/kompose/pkg/loader/compose/v3.go:616.2,616.12 1 0
github.com/kubernetes/kompose/pkg/loader/compose/v3.go:576.33,578.3 1 0
github.com/kubernetes/kompose/pkg/loader/compose/v3.go:580.33,581.14 1 0
github.com/kubernetes/kompose/pkg/loader/compose/v3.go:582.25,584.18 2 0
github.com/kubernetes/kompose/pkg/loader/compose/v3.go:588.4,588.43 1 0
github.com/kubernetes/kompose/pkg/loader/compose/v3.go:589.27,590.76 1 0
github.com/kubernetes/kompose/pkg/loader/compose/v3.go:591.26,592.52 1 0
github.com/kubernetes/kompose/pkg/loader/compose/v3.go:593.36,594.42 1 0
github.com/kubernetes/kompose/pkg/loader/compose/v3.go:595.29,596.41 1 0
github.com/kubernetes/kompose/pkg/loader/compose/v3.go:597.29,598.41 1 0
github.com/kubernetes/kompose/pkg/loader/compose/v3.go:599.11,600.37 1 0
github.com/kubernetes/kompose/pkg/loader/compose/v3.go:584.18,586.5 1 0
github.com/kubernetes/kompose/pkg/loader/compose/v3.go:604.79,606.3 1 0
github.com/kubernetes/kompose/pkg/loader/compose/v3.go:608.101,610.3 1 0
github.com/kubernetes/kompose/pkg/loader/compose/v3.go:612.68,614.3 1 0
github.com/kubernetes/kompose/pkg/loader/compose/v3.go:619.99,620.49 1 0
github.com/kubernetes/kompose/pkg/loader/compose/v3.go:620.49,623.17 2 0
github.com/kubernetes/kompose/pkg/loader/compose/v3.go:626.3,626.34 1 0
github.com/kubernetes/kompose/pkg/loader/compose/v3.go:637.3,639.44 3 0
github.com/kubernetes/kompose/pkg/loader/compose/v3.go:623.17,625.4 1 0
github.com/kubernetes/kompose/pkg/loader/compose/v3.go:626.34,628.42 2 0
github.com/kubernetes/kompose/pkg/loader/compose/v3.go:628.42,634.5 4 0
github.com/kubernetes/kompose/pkg/loader/compose/v3.go:643.94,646.40 2 0
github.com/kubernetes/kompose/pkg/loader/compose/v3.go:656.2,656.23 1 0
github.com/kubernetes/kompose/pkg/loader/compose/v3.go:646.40,647.41 1 0
github.com/kubernetes/kompose/pkg/loader/compose/v3.go:647.41,648.36 1 0
github.com/kubernetes/kompose/pkg/loader/compose/v3.go:648.36,650.5 1 0
github.com/kubernetes/kompose/pkg/loader/compose/v3.go:650.10,650.47 1 0
github.com/kubernetes/kompose/pkg/loader/compose/v3.go:650.47,652.5 1 0
github.com/kubernetes/kompose/pkg/loader/compose/v3.go:659.100,660.44 1 0
github.com/kubernetes/kompose/pkg/loader/compose/v3.go:663.2,664.50 2 0
github.com/kubernetes/kompose/pkg/loader/compose/v3.go:668.2,668.46 1 0
github.com/kubernetes/kompose/pkg/loader/compose/v3.go:870.2,870.48 1 0
github.com/kubernetes/kompose/pkg/loader/compose/v3.go:875.2,875.46 1 0
github.com/kubernetes/kompose/pkg/loader/compose/v3.go:880.2,880.46 1 0
github.com/kubernetes/kompose/pkg/loader/compose/v3.go:885.2,885.46 1 0
github.com/kubernetes/kompose/pkg/loader/compose/v3.go:889.2,889.24 1 0
github.com/kubernetes/kompose/pkg/loader/compose/v3.go:660.44,662.3 1 0
github.com/kubernetes/kompose/pkg/loader/compose/v3.go:664.50,666.3 1 0
github.com/kubernetes/kompose/pkg/loader/compose/v3.go:668.46,670.66 2 0
github.com/kubernetes/kompose/pkg/loader/compose/v3.go:676.3,677.37 2 0
github.com/kubernetes/kompose/pkg/loader/compose/v3.go:680.3,680.31 1 0
github.com/kubernetes/kompose/pkg/loader/compose/v3.go:683.3,683.32 1 0
github.com/kubernetes/kompose/pkg/loader/compose/v3.go:686.3,686.33 1 0
github.com/kubernetes/kompose/pkg/loader/compose/v3.go:689.3,689.32 1 0
github.com/kubernetes/kompose/pkg/loader/compose/v3.go:692.3,692.32 1 0
github.com/kubernetes/kompose/pkg/loader/compose/v3.go:695.3,695.34 1 0
github.com/kubernetes/kompose/pkg/loader/compose/v3.go:698.3,698.81 1 0
github.com/kubernetes/kompose/pkg/loader/compose/v3.go:701.3,701.34 1 0
github.com/kubernetes/kompose/pkg/loader/compose/v3.go:704.3,704.32 1 0
github.com/kubernetes/kompose/pkg/loader/compose/v3.go:707.3,707.45 1 0
github.com/kubernetes/kompose/pkg/loader/compose/v3.go:711.3,711.51 1 0
github.com/kubernetes/kompose/pkg/loader/compose/v3.go:715.3,715.32 1 0
github.com/kubernetes/kompose/pkg/loader/compose/v3.go:721.3,721.28 1 0
github.com/kubernetes/kompose/pkg/loader/compose/v3.go:725.3,725.34 1 0
github.com/kubernetes/kompose/pkg/loader/compose/v3.go:729.3,729.31 1 0
github.com/kubernetes/kompose/pkg/loader/compose/v3.go:732.3,732.35 1 0
github.com/kubernetes/kompose/pkg/loader/compose/v3.go:735.3,735.36 1 0
github.com/kubernetes/kompose/pkg/loader/compose/v3.go:741.3,741.32 1 0
github.com/kubernetes/kompose/pkg/loader/compose/v3.go:744.3,744.31 1 0
github.com/kubernetes/kompose/pkg/loader/compose/v3.go:748.3,748.38 1 0
github.com/kubernetes/kompose/pkg/loader/compose/v3.go:752.3,752.35 1 0
github.com/kubernetes/kompose/pkg/loader/compose/v3.go:755.3,755.29 1 0
github.com/kubernetes/kompose/pkg/loader/compose/v3.go:758.3,758.33 1 0
github.com/kubernetes/kompose/pkg/loader/compose/v3.go:761.3,761.26 1 0
github.com/kubernetes/kompose/pkg/loader/compose/v3.go:764.3,764.24 1 0
github.com/kubernetes/kompose/pkg/loader/compose/v3.go:767.3,767.31 1 0
github.com/kubernetes/kompose/pkg/loader/compose/v3.go:776.3,776.30 1 0
github.com/kubernetes/kompose/pkg/loader/compose/v3.go:779.3,779.29 1 0
github.com/kubernetes/kompose/pkg/loader/compose/v3.go:782.3,782.31 1 0
github.com/kubernetes/kompose/pkg/loader/compose/v3.go:785.3,785.32 1 0
github.com/kubernetes/kompose/pkg/loader/compose/v3.go:788.3,788.33 1 0
github.com/kubernetes/kompose/pkg/loader/compose/v3.go:791.3,791.24 1 0
github.com/kubernetes/kompose/pkg/loader/compose/v3.go:794.3,794.30 1 0
github.com/kubernetes/kompose/pkg/loader/compose/v3.go:798.3,798.53 1 0
github.com/kubernetes/kompose/pkg/loader/compose/v3.go:801.3,801.49 1 0
github.com/kubernetes/kompose/pkg/loader/compose/v3.go:804.3,804.28 1 0
github.com/kubernetes/kompose/pkg/loader/compose/v3.go:807.3,807.32 1 0
github.com/kubernetes/kompose/pkg/loader/compose/v3.go:810.3,810.36 1 0
github.com/kubernetes/kompose/pkg/loader/compose/v3.go:813.3,813.51 1 0
github.com/kubernetes/kompose/pkg/loader/compose/v3.go:816.3,816.31 1 0
github.com/kubernetes/kompose/pkg/loader/compose/v3.go:819.3,819.30 1 0
github.com/kubernetes/kompose/pkg/loader/compose/v3.go:823.3,823.39 1 0
github.com/kubernetes/kompose/pkg/loader/compose/v3.go:826.3,826.32 1 0
github.com/kubernetes/kompose/pkg/loader/compose/v3.go:829.3,829.25 1 0
github.com/kubernetes/kompose/pkg/loader/compose/v3.go:832.3,832.32 1 0
github.com/kubernetes/kompose/pkg/loader/compose/v3.go:863.3,863.31 1 0
github.com/kubernetes/kompose/pkg/loader/compose/v3.go:866.3,866.45 1 0
github.com/kubernetes/kompose/pkg/loader/compose/v3.go:670.66,672.12 2 0
github.com/kubernetes/kompose/pkg/loader/compose/v3.go:673.9,675.4 1 0
github.com/kubernetes/kompose/pkg/loader/compose/v3.go:677.37,679.4 1 0
github.com/kubernetes/kompose/pkg/loader/compose/v3.go:680.31,682.4 1 0
github.com/kubernetes/kompose/pkg/loader/compose/v3.go:683.32,685.4 1 0
github.com/kubernetes/kompose/pkg/loader/compose/v3.go:686.33,688.4 1 0
github.com/kubernetes/kompose/pkg/loader/compose/v3.go:689.32,691.4 1 0
github.com/kubernetes/kompose/pkg/loader/compose/v3.go:692.32,694.4 1 0
github.com/kubernetes/kompose/pkg/loader/compose/v3.go:695.34,697.4 1 0
github.com/kubernetes/kompose/pkg/loader/compose/v3.go:698.81,700.4 1 0
github.com/kubernetes/kompose/pkg/loader/compose/v3.go:701.34,703.4 1 0
github.com/kubernetes/kompose/pkg/loader/compose/v3.go:704.32,706.4 1 0
github.com/kubernetes/kompose/pkg/loader/compose/v3.go:707.45,709.4 1 0
github.com/kubernetes/kompose/pkg/loader/compose/v3.go:711.51,713.4 1 0
github.com/kubernetes/kompose/pkg/loader/compose/v3.go:715.32,720.4 1 0
github.com/kubernetes/kompose/pkg/loader/compose/v3.go:721.28,724.4 1 0
github.com/kubernetes/kompose/pkg/loader/compose/v3.go:725.34,728.4 1 0
github.com/kubernetes/kompose/pkg/loader/compose/v3.go:729.31,731.4 1 0
github.com/kubernetes/kompose/pkg/loader/compose/v3.go:732.35,734.4 1 0
github.com/kubernetes/kompose/pkg/loader/compose/v3.go:735.36,737.42 1 0
github.com/kubernetes/kompose/pkg/loader/compose/v3.go:737.42,739.5 1 0
github.com/kubernetes/kompose/pkg/loader/compose/v3.go:741.32,743.4 1 0
github.com/kubernetes/kompose/pkg/loader/compose/v3.go:744.31,747.4 1 0
github.com/kubernetes/kompose/pkg/loader/compose/v3.go:748.38,751.4 1 0
github.com/kubernetes/kompose/pkg/loader/compose/v3.go:752.35,754.4 1 0
github.com/kubernetes/kompose/pkg/loader/compose/v3.go:755.29,757.4 1 0
github.com/kubernetes/kompose/pkg/loader/compose/v3.go:758.33,760.4 1 0
github.com/kubernetes/kompose/pkg/loader/compose/v3.go:761.26,763.4 1 0
github.com/kubernetes/kompose/pkg/loader/compose/v3.go:764.24,766.4 1 0
github.com/kubernetes/kompose/pkg/loader/compose/v3.go:767.31,769.35 1 0
github.com/kubernetes/kompose/pkg/loader/compose/v3.go:772.4,772.37 1 0
github.com/kubernetes/kompose/pkg/loader/compose/v3.go:769.35,771.5 1 0
github.com/kubernetes/kompose/pkg/loader/compose/v3.go:772.37,774.5 1 0
github.com/kubernetes/kompose/pkg/loader/compose/v3.go:776.30,778.4 1 0
github.com/kubernetes/kompose/pkg/loader/compose/v3.go:779.29,781.4 1 0
github.com/kubernetes/kompose/pkg/loader/compose/v3.go:782.31,784.4 1 0
github.com/kubernetes/kompose/pkg/loader/compose/v3.go:785.32,787.4 1 0
github.com/kubernetes/kompose/pkg/loader/compose/v3.go:788.33,790.4 1 0
github.com/kubernetes/kompose/pkg/loader/compose/v3.go:791.24,793.4 1 0
github.com/kubernetes/kompose/pkg/loader/compose/v3.go:794.30,797.4 1 0
github.com/kubernetes/kompose/pkg/loader/compose/v3.go:798.53,800.4 1 0
github.com/kubernetes/kompose/pkg/loader/compose/v3.go:801.49,803.4 1 0
github.com/kubernetes/kompose/pkg/loader/compose/v3.go:804.28,806.4 1 0
github.com/kubernetes/kompose/pkg/loader/compose/v3.go:807.32,809.4 1 0
github.com/kubernetes/kompose/pkg/loader/compose/v3.go:810.36,812.4 1 0
github.com/kubernetes/kompose/pkg/loader/compose/v3.go:813.51,815.4 1 0
github.com/kubernetes/kompose/pkg/loader/compose/v3.go:816.31,818.4 1 0
github.com/kubernetes/kompose/pkg/loader/compose/v3.go:819.30,822.4 1 0
github.com/kubernetes/kompose/pkg/loader/compose/v3.go:823.39,825.4 1 0
github.com/kubernetes/kompose/pkg/loader/compose/v3.go:826.32,828.4 1 0
github.com/kubernetes/kompose/pkg/loader/compose/v3.go:829.25,831.4 1 0
github.com/kubernetes/kompose/pkg/loader/compose/v3.go:832.32,842.52 3 0
github.com/kubernetes/kompose/pkg/loader/compose/v3.go:847.4,847.46 1 0
github.com/kubernetes/kompose/pkg/loader/compose/v3.go:855.4,857.29 2 0
github.com/kubernetes/kompose/pkg/loader/compose/v3.go:861.4,861.35 1 0
github.com/kubernetes/kompose/pkg/loader/compose/v3.go:842.52,845.5 2 0
github.com/kubernetes/kompose/pkg/loader/compose/v3.go:847.46,848.57 1 0
github.com/kubernetes/kompose/pkg/loader/compose/v3.go:851.5,851.51 1 0
github.com/kubernetes/kompose/pkg/loader/compose/v3.go:848.57,850.6 1 0
github.com/kubernetes/kompose/pkg/loader/compose/v3.go:857.29,859.5 1 0
github.com/kubernetes/kompose/pkg/loader/compose/v3.go:863.31,865.4 1 0
github.com/kubernetes/kompose/pkg/loader/compose/v3.go:870.48,872.3 1 0
github.com/kubernetes/kompose/pkg/loader/compose/v3.go:875.46,877.3 1 0
github.com/kubernetes/kompose/pkg/loader/compose/v3.go:880.46,882.3 1 0
github.com/kubernetes/kompose/pkg/loader/compose/v3.go:885.46,887.3 1 0
github.com/kubernetes/kompose/pkg/loader/compose/v3.go:892.69,893.26 1 0
github.com/kubernetes/kompose/pkg/loader/compose/v3.go:897.2,899.49 2 0
github.com/kubernetes/kompose/pkg/loader/compose/v3.go:914.2,914.47 1 0
github.com/kubernetes/kompose/pkg/loader/compose/v3.go:920.2,920.18 1 0
github.com/kubernetes/kompose/pkg/loader/compose/v3.go:893.26,895.3 1 0
github.com/kubernetes/kompose/pkg/loader/compose/v3.go:899.49,900.45 1 0
github.com/kubernetes/kompose/pkg/loader/compose/v3.go:909.3,909.81 1 0
github.com/kubernetes/kompose/pkg/loader/compose/v3.go:900.45,901.27 1 0
github.com/kubernetes/kompose/pkg/loader/compose/v3.go:904.4,904.27 1 0
github.com/kubernetes/kompose/pkg/loader/compose/v3.go:901.27,903.5 1 0
github.com/kubernetes/kompose/pkg/loader/compose/v3.go:904.27,906.5 1 0
github.com/kubernetes/kompose/pkg/loader/compose/v3.go:909.81,911.4 1 0
github.com/kubernetes/kompose/pkg/loader/compose/v3.go:914.47,915.31 1 0
github.com/kubernetes/kompose/pkg/loader/compose/v3.go:915.31,917.4 1 0
github.com/kubernetes/kompose/pkg/loader/compose/compose.go:44.68,82.102 3 2
github.com/kubernetes/kompose/pkg/loader/compose/compose.go:87.2,87.43 1 2
github.com/kubernetes/kompose/pkg/loader/compose/compose.go:91.2,91.68 1 2
github.com/kubernetes/kompose/pkg/loader/compose/compose.go:142.2,142.18 1 2
github.com/kubernetes/kompose/pkg/loader/compose/compose.go:82.102,84.3 1 0
github.com/kubernetes/kompose/pkg/loader/compose/compose.go:87.43,89.3 1 1
github.com/kubernetes/kompose/pkg/loader/compose/compose.go:91.68,96.32 3 3
github.com/kubernetes/kompose/pkg/loader/compose/compose.go:96.32,98.69 1 174
github.com/kubernetes/kompose/pkg/loader/compose/compose.go:98.69,99.38 1 69
github.com/kubernetes/kompose/pkg/loader/compose/compose.go:99.38,102.75 1 0
github.com/kubernetes/kompose/pkg/loader/compose/compose.go:109.6,110.32 2 0
github.com/kubernetes/kompose/pkg/loader/compose/compose.go:118.6,118.108 1 0
github.com/kubernetes/kompose/pkg/loader/compose/compose.go:136.6,137.37 2 0
github.com/kubernetes/kompose/pkg/loader/compose/compose.go:102.75,103.27 1 0
github.com/kubernetes/kompose/pkg/loader/compose/compose.go:103.27,105.16 1 0
github.com/kubernetes/kompose/pkg/loader/compose/compose.go:110.32,112.108 1 0
github.com/kubernetes/kompose/pkg/loader/compose/compose.go:112.108,114.16 1 0
github.com/kubernetes/kompose/pkg/loader/compose/compose.go:118.108,121.45 2 0
github.com/kubernetes/kompose/pkg/loader/compose/compose.go:131.7,131.36 1 0
github.com/kubernetes/kompose/pkg/loader/compose/compose.go:121.45,122.76 1 0
github.com/kubernetes/kompose/pkg/loader/compose/compose.go:122.76,125.82 3 0
github.com/kubernetes/kompose/pkg/loader/compose/compose.go:125.82,127.15 2 0
github.com/kubernetes/kompose/pkg/loader/compose/compose.go:131.36,132.16 1 0
github.com/kubernetes/kompose/pkg/loader/compose/compose.go:146.75,150.29 2 0
github.com/kubernetes/kompose/pkg/loader/compose/compose.go:163.2,166.17 2 0
github.com/kubernetes/kompose/pkg/loader/compose/compose.go:150.29,152.17 2 0
github.com/kubernetes/kompose/pkg/loader/compose/compose.go:157.3,157.67 1 0
github.com/kubernetes/kompose/pkg/loader/compose/compose.go:160.3,160.27 1 0
github.com/kubernetes/kompose/pkg/loader/compose/compose.go:152.17,154.4 1 0
github.com/kubernetes/kompose/pkg/loader/compose/compose.go:157.67,159.4 1 0
github.com/kubernetes/kompose/pkg/loader/compose/compose.go:169.48,171.17 2 0
github.com/kubernetes/kompose/pkg/loader/compose/compose.go:174.3,174.28 1 0
github.com/kubernetes/kompose/pkg/loader/compose/compose.go:176.74,178.17 2 0
github.com/kubernetes/kompose/pkg/loader/compose/compose.go:181.3,181.28 1 0
github.com/kubernetes/kompose/pkg/loader/compose/compose.go:182.10,183.133 1 0
github.com/kubernetes/kompose/pkg/loader/compose/compose.go:171.17,173.4 1 0
github.com/kubernetes/kompose/pkg/loader/compose/compose.go:178.17,180.4 1 0
github.com/kubernetes/kompose/pkg/loader/compose/compose.go:187.54,194.16 4 0
github.com/kubernetes/kompose/pkg/loader/compose/compose.go:198.2,199.16 2 0
github.com/kubernetes/kompose/pkg/loader/compose/compose.go:203.2,203.29 1 0
github.com/kubernetes/kompose/pkg/loader/compose/compose.go:194.16,196.3 1 0
github.com/kubernetes/kompose/pkg/loader/compose/compose.go:199.16,201.3 1 0
github.com/kubernetes/kompose/pkg/transformer/utils.go:42.28,45.2 2 0
github.com/kubernetes/kompose/pkg/transformer/utils.go:48.50,49.19 1 0
github.com/kubernetes/kompose/pkg/transformer/utils.go:53.2,53.44 1 0
github.com/kubernetes/kompose/pkg/transformer/utils.go:58.2,59.16 2 0
github.com/kubernetes/kompose/pkg/transformer/utils.go:62.2,62.15 1 0
github.com/kubernetes/kompose/pkg/transformer/utils.go:49.19,51.3 1 0
github.com/kubernetes/kompose/pkg/transformer/utils.go:53.44,54.55 1 0
github.com/kubernetes/kompose/pkg/transformer/utils.go:54.55,56.4 1 0
github.com/kubernetes/kompose/pkg/transformer/utils.go:59.16,61.3 1 0
github.com/kubernetes/kompose/pkg/transformer/utils.go:66.81,71.29 3 9
github.com/kubernetes/kompose/pkg/transformer/utils.go:76.2,76.31 1 9
github.com/kubernetes/kompose/pkg/transformer/utils.go:82.2,82.29 1 9
github.com/kubernetes/kompose/pkg/transformer/utils.go:88.2,93.60 2 9
github.com/kubernetes/kompose/pkg/transformer/utils.go:103.2,105.29 3 9
github.com/kubernetes/kompose/pkg/transformer/utils.go:108.2,108.86 1 9
github.com/kubernetes/kompose/pkg/transformer/utils.go:112.2,112.8 1 9
github.com/kubernetes/kompose/pkg/transformer/utils.go:71.29,73.3 1 0
github.com/kubernetes/kompose/pkg/transformer/utils.go:76.31,79.3 2 4
github.com/kubernetes/kompose/pkg/transformer/utils.go:82.29,85.3 2 0
github.com/kubernetes/kompose/pkg/transformer/utils.go:93.60,97.3 3 1
github.com/kubernetes/kompose/pkg/transformer/utils.go:97.8,97.69 1 8
github.com/kubernetes/kompose/pkg/transformer/utils.go:97.69,100.3 2 4
github.com/kubernetes/kompose/pkg/transformer/utils.go:105.29,107.3 1 5
github.com/kubernetes/kompose/pkg/transformer/utils.go:108.86,111.3 2 0
github.com/kubernetes/kompose/pkg/transformer/utils.go:117.52,118.32 1 0
github.com/kubernetes/kompose/pkg/transformer/utils.go:122.2,122.16 1 0
github.com/kubernetes/kompose/pkg/transformer/utils.go:118.32,121.3 2 0
github.com/kubernetes/kompose/pkg/transformer/utils.go:125.36,127.2 1 23
github.com/kubernetes/kompose/pkg/transformer/utils.go:130.50,132.2 1 0
github.com/kubernetes/kompose/pkg/transformer/utils.go:135.75,139.24 3 0
github.com/kubernetes/kompose/pkg/transformer/utils.go:142.2,142.15 1 0
github.com/kubernetes/kompose/pkg/transformer/utils.go:139.24,141.3 1 0
github.com/kubernetes/kompose/pkg/transformer/utils.go:147.85,149.33 2 0
github.com/kubernetes/kompose/pkg/transformer/utils.go:154.2,154.13 1 0
github.com/kubernetes/kompose/pkg/transformer/utils.go:149.33,150.42 1 0
github.com/kubernetes/kompose/pkg/transformer/utils.go:150.42,152.4 1 0
github.com/kubernetes/kompose/pkg/transformer/utils.go:158.73,160.46 2 0
github.com/kubernetes/kompose/pkg/transformer/utils.go:164.2,164.36 1 0
github.com/kubernetes/kompose/pkg/transformer/utils.go:168.2,171.16 4 0
github.com/kubernetes/kompose/pkg/transformer/utils.go:174.2,177.42 2 0
github.com/kubernetes/kompose/pkg/transformer/utils.go:181.2,181.20 1 0
github.com/kubernetes/kompose/pkg/transformer/utils.go:160.46,162.3 1 0
github.com/kubernetes/kompose/pkg/transformer/utils.go:164.36,166.3 1 0
github.com/kubernetes/kompose/pkg/transformer/utils.go:171.16,173.3 1 0
github.com/kubernetes/kompose/pkg/transformer/utils.go:177.42,179.3 1 0
github.com/kubernetes/kompose/pkg/transformer/utils.go:185.135,187.18 2 0
github.com/kubernetes/kompose/pkg/transformer/utils.go:192.2,192.14 1 0
github.com/kubernetes/kompose/pkg/transformer/utils.go:209.2,209.18 1 0
github.com/kubernetes/kompose/pkg/transformer/utils.go:187.18,189.3 1 0
github.com/kubernetes/kompose/pkg/transformer/utils.go:189.8,191.3 1 0
github.com/kubernetes/kompose/pkg/transformer/utils.go:192.14,195.3 2 0
github.com/kubernetes/kompose/pkg/transformer/utils.go:195.8,195.21 1 0
github.com/kubernetes/kompose/pkg/transformer/utils.go:195.21,197.77 1 0
github.com/kubernetes/kompose/pkg/transformer/utils.go:200.3,200.11 1 0
github.com/kubernetes/kompose/pkg/transformer/utils.go:197.77,199.4 1 0
github.com/kubernetes/kompose/pkg/transformer/utils.go:201.8,204.60 2 0
github.com/kubernetes/kompose/pkg/transformer/utils.go:207.3,207.71 1 0
github.com/kubernetes/kompose/pkg/transformer/utils.go:204.60,206.4 1 0
github.com/kubernetes/kompose/pkg/transformer/utils.go:213.49,214.46 1 2
github.com/kubernetes/kompose/pkg/transformer/utils.go:219.2,219.17 1 0
github.com/kubernetes/kompose/pkg/transformer/utils.go:214.46,216.3 1 1
github.com/kubernetes/kompose/pkg/transformer/utils.go:216.8,216.54 1 1
github.com/kubernetes/kompose/pkg/transformer/utils.go:216.54,218.3 1 1
github.com/kubernetes/kompose/pkg/transformer/utils.go:226.30,228.2 1 0
github.com/kubernetes/kompose/pkg/transformer/utils.go:232.40,234.2 1 0
github.com/kubernetes/kompose/pkg/transformer/utils.go:237.35,239.2 1 0
github.com/kubernetes/kompose/pkg/transformer/utils.go:242.61,245.40 2 1
github.com/kubernetes/kompose/pkg/transformer/utils.go:252.2,253.37 2 1
github.com/kubernetes/kompose/pkg/transformer/utils.go:245.40,247.17 2 1
github.com/kubernetes/kompose/pkg/transformer/utils.go:250.3,250.48 1 1
github.com/kubernetes/kompose/pkg/transformer/utils.go:247.17,249.4 1 0
github.com/kubernetes/kompose/pkg/transformer/utils.go:257.73,259.16 2 0
github.com/kubernetes/kompose/pkg/transformer/utils.go:263.2,267.32 3 0
github.com/kubernetes/kompose/pkg/transformer/utils.go:270.2,272.46 2 0
github.com/kubernetes/kompose/pkg/transformer/utils.go:276.2,277.25 2 0
github.com/kubernetes/kompose/pkg/transformer/utils.go:281.2,282.51 2 0
github.com/kubernetes/kompose/pkg/transformer/utils.go:293.2,294.16 2 0
github.com/kubernetes/kompose/pkg/transformer/utils.go:300.2,303.16 3 0
github.com/kubernetes/kompose/pkg/transformer/utils.go:307.2,307.12 1 0
github.com/kubernetes/kompose/pkg/transformer/utils.go:259.16,261.3 1 0
github.com/kubernetes/kompose/pkg/transformer/utils.go:267.32,269.3 1 0
github.com/kubernetes/kompose/pkg/transformer/utils.go:272.46,274.3 1 0
github.com/kubernetes/kompose/pkg/transformer/utils.go:277.25,279.3 1 0
github.com/kubernetes/kompose/pkg/transformer/utils.go:282.51,284.22 2 0
github.com/kubernetes/kompose/pkg/transformer/utils.go:289.3,289.81 1 0
github.com/kubernetes/kompose/pkg/transformer/utils.go:284.22,286.4 1 0
github.com/kubernetes/kompose/pkg/transformer/utils.go:286.9,288.4 1 0
github.com/kubernetes/kompose/pkg/transformer/utils.go:294.16,296.3 1 0
github.com/kubernetes/kompose/pkg/transformer/utils.go:303.16,305.3 1 0
github.com/kubernetes/kompose/pkg/transformer/utils.go:311.79,316.25 2 0
github.com/kubernetes/kompose/pkg/transformer/utils.go:322.2,323.16 2 0
github.com/kubernetes/kompose/pkg/transformer/utils.go:327.2,330.16 3 0
github.com/kubernetes/kompose/pkg/transformer/utils.go:334.2,334.12 1 0
github.com/kubernetes/kompose/pkg/transformer/utils.go:316.25,319.3 2 0
github.com/kubernetes/kompose/pkg/transformer/utils.go:323.16,325.3 1 0
github.com/kubernetes/kompose/pkg/transformer/utils.go:330.16,332.3 1 0
github.com/kubernetes/kompose/pkg/transformer/kubernetes/k8sutils.go:54.41,64.16 5 0
github.com/kubernetes/kompose/pkg/transformer/kubernetes/k8sutils.go:68.2,68.16 1 0
github.com/kubernetes/kompose/pkg/transformer/kubernetes/k8sutils.go:81.2,83.16 3 0
github.com/kubernetes/kompose/pkg/transformer/kubernetes/k8sutils.go:88.2,99.16 3 0
github.com/kubernetes/kompose/pkg/transformer/kubernetes/k8sutils.go:102.2,106.16 4 0
github.com/kubernetes/kompose/pkg/transformer/kubernetes/k8sutils.go:110.2,111.12 2 0
github.com/kubernetes/kompose/pkg/transformer/kubernetes/k8sutils.go:64.16,66.3 1 0
github.com/kubernetes/kompose/pkg/transformer/kubernetes/k8sutils.go:68.16,70.17 2 0
github.com/kubernetes/kompose/pkg/transformer/kubernetes/k8sutils.go:74.3,75.17 2 0
github.com/kubernetes/kompose/pkg/transformer/kubernetes/k8sutils.go:70.17,72.4 1 0
github.com/kubernetes/kompose/pkg/transformer/kubernetes/k8sutils.go:75.17,77.4 1 0
github.com/kubernetes/kompose/pkg/transformer/kubernetes/k8sutils.go:83.16,85.3 1 0
github.com/kubernetes/kompose/pkg/transformer/kubernetes/k8sutils.go:99.16,101.3 1 0
github.com/kubernetes/kompose/pkg/transformer/kubernetes/k8sutils.go:106.16,108.3 1 0
github.com/kubernetes/kompose/pkg/transformer/kubernetes/k8sutils.go:115.39,118.16 2 3
github.com/kubernetes/kompose/pkg/transformer/kubernetes/k8sutils.go:121.2,125.16 3 2
github.com/kubernetes/kompose/pkg/transformer/kubernetes/k8sutils.go:130.2,130.22 1 2
github.com/kubernetes/kompose/pkg/transformer/kubernetes/k8sutils.go:133.2,133.19 1 1
github.com/kubernetes/kompose/pkg/transformer/kubernetes/k8sutils.go:118.16,120.3 1 1
github.com/kubernetes/kompose/pkg/transformer/kubernetes/k8sutils.go:125.16,127.3 1 0
github.com/kubernetes/kompose/pkg/transformer/kubernetes/k8sutils.go:130.22,132.3 1 1
github.com/kubernetes/kompose/pkg/transformer/kubernetes/k8sutils.go:136.52,138.19 2 0
github.com/kubernetes/kompose/pkg/transformer/kubernetes/k8sutils.go:148.2,148.16 1 0
github.com/kubernetes/kompose/pkg/transformer/kubernetes/k8sutils.go:138.19,140.22 1 0
github.com/kubernetes/kompose/pkg/transformer/kubernetes/k8sutils.go:140.22,144.4 3 0
github.com/kubernetes/kompose/pkg/transformer/kubernetes/k8sutils.go:144.9,146.4 1 0
github.com/kubernetes/kompose/pkg/transformer/kubernetes/k8sutils.go:151.62,160.2 4 0
github.com/kubernetes/kompose/pkg/transformer/kubernetes/k8sutils.go:163.76,169.77 4 0
github.com/kubernetes/kompose/pkg/transformer/kubernetes/k8sutils.go:176.2,177.16 2 0
github.com/kubernetes/kompose/pkg/transformer/kubernetes/k8sutils.go:180.2,180.21 1 0
github.com/kubernetes/kompose/pkg/transformer/kubernetes/k8sutils.go:183.2,183.15 1 0
github.com/kubernetes/kompose/pkg/transformer/kubernetes/k8sutils.go:194.2,198.30 2 0
github.com/kubernetes/kompose/pkg/transformer/kubernetes/k8sutils.go:278.2,278.21 1 0
github.com/kubernetes/kompose/pkg/transformer/kubernetes/k8sutils.go:284.2,284.12 1 0
github.com/kubernetes/kompose/pkg/transformer/kubernetes/k8sutils.go:169.77,170.63 1 0
github.com/kubernetes/kompose/pkg/transformer/kubernetes/k8sutils.go:170.63,172.4 1 0
github.com/kubernetes/kompose/pkg/transformer/kubernetes/k8sutils.go:177.16,179.3 1 0
github.com/kubernetes/kompose/pkg/transformer/kubernetes/k8sutils.go:180.21,182.3 1 0
github.com/kubernetes/kompose/pkg/transformer/kubernetes/k8sutils.go:183.15,185.17 2 0
github.com/kubernetes/kompose/pkg/transformer/kubernetes/k8sutils.go:188.3,188.28 1 0
github.com/kubernetes/kompose/pkg/transformer/kubernetes/k8sutils.go:191.3,191.18 1 0
github.com/kubernetes/kompose/pkg/transformer/kubernetes/k8sutils.go:185.17,187.4 1 0
github.com/kubernetes/kompose/pkg/transformer/kubernetes/k8sutils.go:188.28,190.4 1 0
github.com/kubernetes/kompose/pkg/transformer/kubernetes/k8sutils.go:198.30,201.34 2 0
github.com/kubernetes/kompose/pkg/transformer/kubernetes/k8sutils.go:210.3,214.17 5 0
github.com/kubernetes/kompose/pkg/transformer/kubernetes/k8sutils.go:217.3,218.17 2 0
github.com/kubernetes/kompose/pkg/transformer/kubernetes/k8sutils.go:221.3,222.17 2 0
github.com/kubernetes/kompose/pkg/transformer/kubernetes/k8sutils.go:225.3,225.34 1 0
github.com/kubernetes/kompose/pkg/transformer/kubernetes/k8sutils.go:201.34,203.18 2 0
github.com/kubernetes/kompose/pkg/transformer/kubernetes/k8sutils.go:207.4,207.65 1 0
github.com/kubernetes/kompose/pkg/transformer/kubernetes/k8sutils.go:203.18,205.5 1 0
github.com/kubernetes/kompose/pkg/transformer/kubernetes/k8sutils.go:214.17,216.4 1 0
github.com/kubernetes/kompose/pkg/transformer/kubernetes/k8sutils.go:218.17,220.4 1 0
github.com/kubernetes/kompose/pkg/transformer/kubernetes/k8sutils.go:222.17,224.4 1 0
github.com/kubernetes/kompose/pkg/transformer/kubernetes/k8sutils.go:226.8,228.22 2 0
github.com/kubernetes/kompose/pkg/transformer/kubernetes/k8sutils.go:232.3,232.57 1 0
github.com/kubernetes/kompose/pkg/transformer/kubernetes/k8sutils.go:236.3,238.29 2 0
github.com/kubernetes/kompose/pkg/transformer/kubernetes/k8sutils.go:228.22,230.4 1 0
github.com/kubernetes/kompose/pkg/transformer/kubernetes/k8sutils.go:232.57,234.4 1 0
github.com/kubernetes/kompose/pkg/transformer/kubernetes/k8sutils.go:238.29,240.18 2 0
github.com/kubernetes/kompose/pkg/transformer/kubernetes/k8sutils.go:243.4,244.18 2 0
github.com/kubernetes/kompose/pkg/transformer/kubernetes/k8sutils.go:248.4,251.52 3 0
github.com/kubernetes/kompose/pkg/transformer/kubernetes/k8sutils.go:270.4,271.18 2 0
github.com/kubernetes/kompose/pkg/transformer/kubernetes/k8sutils.go:275.4,275.31 1 0
github.com/kubernetes/kompose/pkg/transformer/kubernetes/k8sutils.go:240.18,242.5 1 0
github.com/kubernetes/kompose/pkg/transformer/kubernetes/k8sutils.go:244.18,246.5 1 0
github.com/kubernetes/kompose/pkg/transformer/kubernetes/k8sutils.go:251.52,259.5 2 0
github.com/kubernetes/kompose/pkg/transformer/kubernetes/k8sutils.go:259.10,268.5 3 0
github.com/kubernetes/kompose/pkg/transformer/kubernetes/k8sutils.go:271.18,273.5 1 0
github.com/kubernetes/kompose/pkg/transformer/kubernetes/k8sutils.go:278.21,280.17 2 0
github.com/kubernetes/kompose/pkg/transformer/kubernetes/k8sutils.go:280.17,282.4 1 0
github.com/kubernetes/kompose/pkg/transformer/kubernetes/k8sutils.go:288.88,290.16 1 0
github.com/kubernetes/kompose/pkg/transformer/kubernetes/k8sutils.go:295.2,295.16 1 0
github.com/kubernetes/kompose/pkg/transformer/kubernetes/k8sutils.go:298.2,298.8 1 0
github.com/kubernetes/kompose/pkg/transformer/kubernetes/k8sutils.go:290.16,292.3 1 0
github.com/kubernetes/kompose/pkg/transformer/kubernetes/k8sutils.go:292.8,294.3 1 0
github.com/kubernetes/kompose/pkg/transformer/kubernetes/k8sutils.go:295.16,297.3 1 0
github.com/kubernetes/kompose/pkg/transformer/kubernetes/k8sutils.go:302.55,311.16 3 0
github.com/kubernetes/kompose/pkg/transformer/kubernetes/k8sutils.go:315.2,318.48 4 0
github.com/kubernetes/kompose/pkg/transformer/kubernetes/k8sutils.go:321.2,321.23 1 0
github.com/kubernetes/kompose/pkg/transformer/kubernetes/k8sutils.go:311.16,313.3 1 0
github.com/kubernetes/kompose/pkg/transformer/kubernetes/k8sutils.go:318.48,320.3 1 0
github.com/kubernetes/kompose/pkg/transformer/kubernetes/k8sutils.go:327.67,329.16 2 0
github.com/kubernetes/kompose/pkg/transformer/kubernetes/k8sutils.go:333.2,334.16 2 0
github.com/kubernetes/kompose/pkg/transformer/kubernetes/k8sutils.go:338.2,338.15 1 0
github.com/kubernetes/kompose/pkg/transformer/kubernetes/k8sutils.go:329.16,331.3 1 0
github.com/kubernetes/kompose/pkg/transformer/kubernetes/k8sutils.go:334.16,336.3 1 0
github.com/kubernetes/kompose/pkg/transformer/kubernetes/k8sutils.go:343.101,345.51 1 0
github.com/kubernetes/kompose/pkg/transformer/kubernetes/k8sutils.go:349.2,349.17 1 0
github.com/kubernetes/kompose/pkg/transformer/kubernetes/k8sutils.go:345.51,347.3 1 0
github.com/kubernetes/kompose/pkg/transformer/kubernetes/k8sutils.go:367.69,369.2 1 27
github.com/kubernetes/kompose/pkg/transformer/kubernetes/k8sutils.go:371.123,374.21 3 0
github.com/kubernetes/kompose/pkg/transformer/kubernetes/k8sutils.go:378.2,378.21 1 0
github.com/kubernetes/kompose/pkg/transformer/kubernetes/k8sutils.go:382.2,382.13 1 0
github.com/kubernetes/kompose/pkg/transformer/kubernetes/k8sutils.go:374.21,377.3 2 0
github.com/kubernetes/kompose/pkg/transformer/kubernetes/k8sutils.go:378.21,381.3 2 0
github.com/kubernetes/kompose/pkg/transformer/kubernetes/k8sutils.go:385.118,396.2 6 0
github.com/kubernetes/kompose/pkg/transformer/kubernetes/k8sutils.go:399.119,406.39 4 23
github.com/kubernetes/kompose/pkg/transformer/kubernetes/k8sutils.go:414.2,417.12 3 23
github.com/kubernetes/kompose/pkg/transformer/kubernetes/k8sutils.go:406.39,409.3 2 0
github.com/kubernetes/kompose/pkg/transformer/kubernetes/k8sutils.go:409.8,411.3 1 23
github.com/kubernetes/kompose/pkg/transformer/kubernetes/k8sutils.go:425.127,443.2 8 2
github.com/kubernetes/kompose/pkg/transformer/kubernetes/k8sutils.go:444.186,449.60 2 6
github.com/kubernetes/kompose/pkg/transformer/kubernetes/k8sutils.go:456.2,456.50 1 6
github.com/kubernetes/kompose/pkg/transformer/kubernetes/k8sutils.go:461.2,461.31 1 6
github.com/kubernetes/kompose/pkg/transformer/kubernetes/k8sutils.go:475.2,475.12 1 6
github.com/kubernetes/kompose/pkg/transformer/kubernetes/k8sutils.go:449.60,453.3 3 4
github.com/kubernetes/kompose/pkg/transformer/kubernetes/k8sutils.go:456.50,458.3 1 4
github.com/kubernetes/kompose/pkg/transformer/kubernetes/k8sutils.go:461.31,463.17 2 16
github.com/kubernetes/kompose/pkg/transformer/kubernetes/k8sutils.go:466.3,466.31 1 16
github.com/kubernetes/kompose/pkg/transformer/kubernetes/k8sutils.go:463.17,465.4 1 0
github.com/kubernetes/kompose/pkg/transformer/kubernetes/k8sutils.go:466.31,467.33 1 16
github.com/kubernetes/kompose/pkg/transformer/kubernetes/k8sutils.go:468.28,469.71 1 4
github.com/kubernetes/kompose/pkg/transformer/kubernetes/k8sutils.go:470.37,471.74 1 0
github.com/kubernetes/kompose/pkg/transformer/kubernetes/k8sutils.go:479.151,482.16 2 21
github.com/kubernetes/kompose/pkg/transformer/kubernetes/k8sutils.go:487.2,488.16 2 21
github.com/kubernetes/kompose/pkg/transformer/kubernetes/k8sutils.go:492.2,492.28 1 21
github.com/kubernetes/kompose/pkg/transformer/kubernetes/k8sutils.go:500.2,500.16 1 21
github.com/kubernetes/kompose/pkg/transformer/kubernetes/k8sutils.go:509.2,509.16 1 21
github.com/kubernetes/kompose/pkg/transformer/kubernetes/k8sutils.go:516.2,525.60 4 21
github.com/kubernetes/kompose/pkg/transformer/kubernetes/k8sutils.go:677.2,677.50 1 21
github.com/kubernetes/kompose/pkg/transformer/kubernetes/k8sutils.go:682.2,682.31 1 21
github.com/kubernetes/kompose/pkg/transformer/kubernetes/k8sutils.go:696.2,696.12 1 21
github.com/kubernetes/kompose/pkg/transformer/kubernetes/k8sutils.go:482.16,484.3 1 0
github.com/kubernetes/kompose/pkg/transformer/kubernetes/k8sutils.go:488.16,490.3 1 0
github.com/kubernetes/kompose/pkg/transformer/kubernetes/k8sutils.go:492.28,498.3 3 10
github.com/kubernetes/kompose/pkg/transformer/kubernetes/k8sutils.go:500.16,504.25 1 11
github.com/kubernetes/kompose/pkg/transformer/kubernetes/k8sutils.go:504.25,506.4 1 11
github.com/kubernetes/kompose/pkg/transformer/kubernetes/k8sutils.go:509.16,510.25 1 0
github.com/kubernetes/kompose/pkg/transformer/kubernetes/k8sutils.go:510.25,512.4 1 0
github.com/kubernetes/kompose/pkg/transformer/kubernetes/k8sutils.go:525.60,526.37 1 20
github.com/kubernetes/kompose/pkg/transformer/kubernetes/k8sutils.go:529.3,540.79 10 20
github.com/kubernetes/kompose/pkg/transformer/kubernetes/k8sutils.go:572.3,572.80 1 20
github.com/kubernetes/kompose/pkg/transformer/kubernetes/k8sutils.go:596.3,596.36 1 20
github.com/kubernetes/kompose/pkg/transformer/kubernetes/k8sutils.go:603.3,609.24 3 20
github.com/kubernetes/kompose/pkg/transformer/kubernetes/k8sutils.go:618.3,618.30 1 20
github.com/kubernetes/kompose/pkg/transformer/kubernetes/k8sutils.go:623.3,624.25 2 20
github.com/kubernetes/kompose/pkg/transformer/kubernetes/k8sutils.go:627.3,627.25 1 20
github.com/kubernetes/kompose/pkg/transformer/kubernetes/k8sutils.go:637.3,637.62 1 20
github.com/kubernetes/kompose/pkg/transformer/kubernetes/k8sutils.go:642.3,642.50 1 20
github.com/kubernetes/kompose/pkg/transformer/kubernetes/k8sutils.go:645.3,645.72 1 20
github.com/kubernetes/kompose/pkg/transformer/kubernetes/k8sutils.go:648.3,652.83 3 20
github.com/kubernetes/kompose/pkg/transformer/kubernetes/k8sutils.go:659.3,659.74 1 20
github.com/kubernetes/kompose/pkg/transformer/kubernetes/k8sutils.go:666.3,666.29 1 20
github.com/kubernetes/kompose/pkg/transformer/kubernetes/k8sutils.go:669.3,669.31 1 20
github.com/kubernetes/kompose/pkg/transformer/kubernetes/k8sutils.go:673.3,673.13 1 20
github.com/kubernetes/kompose/pkg/transformer/kubernetes/k8sutils.go:526.37,528.4 1 18
github.com/kubernetes/kompose/pkg/transformer/kubernetes/k8sutils.go:540.79,543.51 2 1
github.com/kubernetes/kompose/pkg/transformer/kubernetes/k8sutils.go:561.4,570.54 5 1
github.com/kubernetes/kompose/pkg/transformer/kubernetes/k8sutils.go:543.51,549.5 1 1
github.com/kubernetes/kompose/pkg/transformer/kubernetes/k8sutils.go:549.10,550.71 1 0
github.com/kubernetes/kompose/pkg/transformer/kubernetes/k8sutils.go:550.71,557.5 1 0
github.com/kubernetes/kompose/pkg/transformer/kubernetes/k8sutils.go:557.10,559.5 1 0
github.com/kubernetes/kompose/pkg/transformer/kubernetes/k8sutils.go:572.80,574.52 2 1
github.com/kubernetes/kompose/pkg/transformer/kubernetes/k8sutils.go:584.4,593.75 5 1
github.com/kubernetes/kompose/pkg/transformer/kubernetes/k8sutils.go:574.52,580.5 1 1
github.com/kubernetes/kompose/pkg/transformer/kubernetes/k8sutils.go:580.10,582.5 1 0
github.com/kubernetes/kompose/pkg/transformer/kubernetes/k8sutils.go:596.36,598.18 2 0
github.com/kubernetes/kompose/pkg/transformer/kubernetes/k8sutils.go:598.18,600.5 1 0
github.com/kubernetes/kompose/pkg/transformer/kubernetes/k8sutils.go:609.24,610.29 1 2
github.com/kubernetes/kompose/pkg/transformer/kubernetes/k8sutils.go:610.30,612.5 0 1
github.com/kubernetes/kompose/pkg/transformer/kubernetes/k8sutils.go:612.10,614.5 1 1
github.com/kubernetes/kompose/pkg/transformer/kubernetes/k8sutils.go:618.30,620.4 1 9
github.com/kubernetes/kompose/pkg/transformer/kubernetes/k8sutils.go:624.25,626.4 1 13
github.com/kubernetes/kompose/pkg/transformer/kubernetes/k8sutils.go:627.25,629.18 2 1
github.com/kubernetes/kompose/pkg/transformer/kubernetes/k8sutils.go:629.18,631.5 1 0
github.com/kubernetes/kompose/pkg/transformer/kubernetes/k8sutils.go:631.10,633.5 1 1
github.com/kubernetes/kompose/pkg/transformer/kubernetes/k8sutils.go:637.62,639.4 1 13
github.com/kubernetes/kompose/pkg/transformer/kubernetes/k8sutils.go:642.50,644.4 1 13
github.com/kubernetes/kompose/pkg/transformer/kubernetes/k8sutils.go:645.72,647.4 1 9
github.com/kubernetes/kompose/pkg/transformer/kubernetes/k8sutils.go:652.83,654.4 1 0
github.com/kubernetes/kompose/pkg/transformer/kubernetes/k8sutils.go:654.9,656.4 1 20
github.com/kubernetes/kompose/pkg/transformer/kubernetes/k8sutils.go:659.74,661.4 1 0
github.com/kubernetes/kompose/pkg/transformer/kubernetes/k8sutils.go:661.9,663.4 1 20
github.com/kubernetes/kompose/pkg/transformer/kubernetes/k8sutils.go:666.29,668.4 1 0
github.com/kubernetes/kompose/pkg/transformer/kubernetes/k8sutils.go:669.31,671.4 1 0
github.com/kubernetes/kompose/pkg/transformer/kubernetes/k8sutils.go:677.50,679.3 1 18
github.com/kubernetes/kompose/pkg/transformer/kubernetes/k8sutils.go:682.31,684.17 2 51
github.com/kubernetes/kompose/pkg/transformer/kubernetes/k8sutils.go:687.3,687.31 1 51
github.com/kubernetes/kompose/pkg/transformer/kubernetes/k8sutils.go:684.17,686.4 1 0
github.com/kubernetes/kompose/pkg/transformer/kubernetes/k8sutils.go:687.31,688.33 1 33
github.com/kubernetes/kompose/pkg/transformer/kubernetes/k8sutils.go:689.28,690.71 1 7
github.com/kubernetes/kompose/pkg/transformer/kubernetes/k8sutils.go:691.37,692.74 1 0
github.com/kubernetes/kompose/pkg/transformer/kubernetes/k8sutils.go:700.122,702.58 2 3
github.com/kubernetes/kompose/pkg/transformer/kubernetes/k8sutils.go:710.2,710.27 1 3
github.com/kubernetes/kompose/pkg/transformer/kubernetes/k8sutils.go:702.58,703.67 1 6
github.com/kubernetes/kompose/pkg/transformer/kubernetes/k8sutils.go:703.67,706.4 2 6
github.com/kubernetes/kompose/pkg/transformer/kubernetes/k8sutils.go:706.9,708.4 1 0
github.com/kubernetes/kompose/pkg/transformer/kubernetes/k8sutils.go:714.90,716.52 1 20
github.com/kubernetes/kompose/pkg/transformer/kubernetes/k8sutils.go:731.2,731.64 1 20
github.com/kubernetes/kompose/pkg/transformer/kubernetes/k8sutils.go:745.2,745.8 1 20
github.com/kubernetes/kompose/pkg/transformer/kubernetes/k8sutils.go:716.52,719.28 2 2
github.com/kubernetes/kompose/pkg/transformer/kubernetes/k8sutils.go:723.3,723.28 1 2
github.com/kubernetes/kompose/pkg/transformer/kubernetes/k8sutils.go:727.3,727.63 1 2
github.com/kubernetes/kompose/pkg/transformer/kubernetes/k8sutils.go:719.28,721.4 1 1
github.com/kubernetes/kompose/pkg/transformer/kubernetes/k8sutils.go:723.28,725.4 1 1
github.com/kubernetes/kompose/pkg/transformer/kubernetes/k8sutils.go:731.64,734.34 2 2
github.com/kubernetes/kompose/pkg/transformer/kubernetes/k8sutils.go:738.3,738.34 1 2
github.com/kubernetes/kompose/pkg/transformer/kubernetes/k8sutils.go:742.3,742.68 1 2
github.com/kubernetes/kompose/pkg/transformer/kubernetes/k8sutils.go:734.34,736.4 1 1
github.com/kubernetes/kompose/pkg/transformer/kubernetes/k8sutils.go:738.34,740.4 1 1
github.com/kubernetes/kompose/pkg/transformer/kubernetes/k8sutils.go:749.70,750.16 1 26
github.com/kubernetes/kompose/pkg/transformer/kubernetes/k8sutils.go:761.2,761.16 1 26
github.com/kubernetes/kompose/pkg/transformer/kubernetes/k8sutils.go:751.10,751.10 0 26
github.com/kubernetes/kompose/pkg/transformer/kubernetes/k8sutils.go:752.16,753.29 1 0
github.com/kubernetes/kompose/pkg/transformer/kubernetes/k8sutils.go:754.15,755.28 1 0
github.com/kubernetes/kompose/pkg/transformer/kubernetes/k8sutils.go:756.22,757.35 1 0
github.com/kubernetes/kompose/pkg/transformer/kubernetes/k8sutils.go:758.10,759.88 1 0
github.com/kubernetes/kompose/pkg/transformer/kubernetes/k8sutils.go:765.72,766.17 1 26
github.com/kubernetes/kompose/pkg/transformer/kubernetes/k8sutils.go:767.27,768.38 1 24
github.com/kubernetes/kompose/pkg/transformer/kubernetes/k8sutils.go:769.20,770.37 1 1
github.com/kubernetes/kompose/pkg/transformer/kubernetes/k8sutils.go:771.20,772.41 1 1
github.com/kubernetes/kompose/pkg/transformer/kubernetes/k8sutils.go:773.10,774.86 1 0
github.com/kubernetes/kompose/pkg/transformer/kubernetes/k8sutils.go:781.64,784.28 2 24
github.com/kubernetes/kompose/pkg/transformer/kubernetes/k8sutils.go:791.2,793.13 3 24
github.com/kubernetes/kompose/pkg/transformer/kubernetes/k8sutils.go:784.28,785.63 1 91
github.com/kubernetes/kompose/pkg/transformer/kubernetes/k8sutils.go:785.63,787.4 1 21
github.com/kubernetes/kompose/pkg/transformer/kubernetes/k8sutils.go:787.9,789.4 1 70
github.com/kubernetes/kompose/pkg/transformer/kubernetes/k8sutils.go:800.63,803.28 3 24
github.com/kubernetes/kompose/pkg/transformer/kubernetes/k8sutils.go:817.2,817.16 1 24
github.com/kubernetes/kompose/pkg/transformer/kubernetes/k8sutils.go:803.28,804.40 1 91
github.com/kubernetes/kompose/pkg/transformer/kubernetes/k8sutils.go:804.40,806.16 2 91
github.com/kubernetes/kompose/pkg/transformer/kubernetes/k8sutils.go:806.16,808.13 2 0
github.com/kubernetes/kompose/pkg/transformer/kubernetes/k8sutils.go:809.10,812.5 2 91
github.com/kubernetes/kompose/pkg/transformer/kubernetes/k8sutils.go:813.9,815.4 1 0
github.com/kubernetes/kompose/pkg/transformer/kubernetes/k8sutils.go:821.63,823.49 2 22
github.com/kubernetes/kompose/pkg/transformer/kubernetes/k8sutils.go:826.2,827.19 2 22
github.com/kubernetes/kompose/pkg/transformer/kubernetes/k8sutils.go:823.49,825.3 1 23
github.com/kubernetes/kompose/pkg/transformer/kubernetes/k8sutils.go:831.56,832.13 1 5
github.com/kubernetes/kompose/pkg/transformer/kubernetes/k8sutils.go:835.2,836.16 2 4
github.com/kubernetes/kompose/pkg/transformer/kubernetes/k8sutils.go:839.2,840.16 2 2
github.com/kubernetes/kompose/pkg/transformer/kubernetes/k8sutils.go:832.13,834.3 1 1
github.com/kubernetes/kompose/pkg/transformer/kubernetes/k8sutils.go:836.16,838.3 1 2
github.com/kubernetes/kompose/pkg/transformer/kubernetes/k8sutils.go:844.90,847.16 2 0
github.com/kubernetes/kompose/pkg/transformer/kubernetes/k8sutils.go:850.2,854.16 3 0
github.com/kubernetes/kompose/pkg/transformer/kubernetes/k8sutils.go:858.2,858.21 1 0
github.com/kubernetes/kompose/pkg/transformer/kubernetes/k8sutils.go:847.16,849.3 1 0
github.com/kubernetes/kompose/pkg/transformer/kubernetes/k8sutils.go:854.16,856.3 1 0
github.com/kubernetes/kompose/pkg/transformer/kubernetes/k8sutils.go:862.54,864.16 2 0
github.com/kubernetes/kompose/pkg/transformer/kubernetes/k8sutils.go:867.2,867.31 1 0
github.com/kubernetes/kompose/pkg/transformer/kubernetes/k8sutils.go:864.16,866.3 1 0
github.com/kubernetes/kompose/pkg/transformer/kubernetes/k8sutils.go:871.40,876.2 4 0
github.com/kubernetes/kompose/pkg/transformer/kubernetes/k8sutils.go:879.41,887.2 2 0
github.com/kubernetes/kompose/pkg/transformer/kubernetes/k8sutils.go:890.46,893.2 2 20
github.com/kubernetes/kompose/pkg/transformer/kubernetes/k8sutils.go:896.45,898.2 1 0
github.com/kubernetes/kompose/pkg/transformer/kubernetes/kubernetes.go:76.121,80.61 2 0
github.com/kubernetes/kompose/pkg/transformer/kubernetes/kubernetes.go:105.2,105.18 1 0
github.com/kubernetes/kompose/pkg/transformer/kubernetes/kubernetes.go:80.61,85.32 3 0
github.com/kubernetes/kompose/pkg/transformer/kubernetes/kubernetes.go:85.32,87.69 1 0
github.com/kubernetes/kompose/pkg/transformer/kubernetes/kubernetes.go:87.69,88.38 1 0
github.com/kubernetes/kompose/pkg/transformer/kubernetes/kubernetes.go:88.38,91.75 1 0
github.com/kubernetes/kompose/pkg/transformer/kubernetes/kubernetes.go:98.6,100.37 3 0
github.com/kubernetes/kompose/pkg/transformer/kubernetes/kubernetes.go:91.75,92.27 1 0
github.com/kubernetes/kompose/pkg/transformer/kubernetes/kubernetes.go:92.27,94.16 1 0
github.com/kubernetes/kompose/pkg/transformer/kubernetes/kubernetes.go:109.92,110.17 1 25
github.com/kubernetes/kompose/pkg/transformer/kubernetes/kubernetes.go:114.2,122.22 2 25
github.com/kubernetes/kompose/pkg/transformer/kubernetes/kubernetes.go:129.2,129.12 1 25
github.com/kubernetes/kompose/pkg/transformer/kubernetes/kubernetes.go:110.17,112.3 1 0
github.com/kubernetes/kompose/pkg/transformer/kubernetes/kubernetes.go:122.22,128.3 1 0
github.com/kubernetes/kompose/pkg/transformer/kubernetes/kubernetes.go:133.117,137.40 3 0
github.com/kubernetes/kompose/pkg/transformer/kubernetes/kubernetes.go:178.2,188.12 2 0
github.com/kubernetes/kompose/pkg/transformer/kubernetes/kubernetes.go:137.40,140.19 3 0
github.com/kubernetes/kompose/pkg/transformer/kubernetes/kubernetes.go:144.3,149.17 5 0
github.com/kubernetes/kompose/pkg/transformer/kubernetes/kubernetes.go:154.3,159.24 2 0
github.com/kubernetes/kompose/pkg/transformer/kubernetes/kubernetes.go:164.3,175.35 3 0
github.com/kubernetes/kompose/pkg/transformer/kubernetes/kubernetes.go:140.19,143.4 1 0
github.com/kubernetes/kompose/pkg/transformer/kubernetes/kubernetes.go:149.17,152.12 2 0
github.com/kubernetes/kompose/pkg/transformer/kubernetes/kubernetes.go:159.24,162.4 2 0
github.com/kubernetes/kompose/pkg/transformer/kubernetes/kubernetes.go:192.87,207.2 2 25
github.com/kubernetes/kompose/pkg/transformer/kubernetes/kubernetes.go:210.145,212.16 2 0
github.com/kubernetes/kompose/pkg/transformer/kubernetes/kubernetes.go:218.2,233.18 3 0
github.com/kubernetes/kompose/pkg/transformer/kubernetes/kubernetes.go:212.16,214.3 1 0
github.com/kubernetes/kompose/pkg/transformer/kubernetes/kubernetes.go:239.135,253.16 4 0
github.com/kubernetes/kompose/pkg/transformer/kubernetes/kubernetes.go:257.2,257.28 1 0
github.com/kubernetes/kompose/pkg/transformer/kubernetes/kubernetes.go:285.2,285.23 1 0
github.com/kubernetes/kompose/pkg/transformer/kubernetes/kubernetes.go:253.16,255.3 1 0
github.com/kubernetes/kompose/pkg/transformer/kubernetes/kubernetes.go:258.20,260.17 2 0
github.com/kubernetes/kompose/pkg/transformer/kubernetes/kubernetes.go:264.3,264.30 1 0
github.com/kubernetes/kompose/pkg/transformer/kubernetes/kubernetes.go:274.3,274.27 1 0
github.com/kubernetes/kompose/pkg/transformer/kubernetes/kubernetes.go:276.24,282.4 3 0
github.com/kubernetes/kompose/pkg/transformer/kubernetes/kubernetes.go:260.17,262.4 1 0
github.com/kubernetes/kompose/pkg/transformer/kubernetes/kubernetes.go:264.30,265.21 1 0
github.com/kubernetes/kompose/pkg/transformer/kubernetes/kubernetes.go:265.21,268.19 3 0
github.com/kubernetes/kompose/pkg/transformer/kubernetes/kubernetes.go:271.5,271.32 1 0
github.com/kubernetes/kompose/pkg/transformer/kubernetes/kubernetes.go:268.19,270.6 1 0
github.com/kubernetes/kompose/pkg/transformer/kubernetes/kubernetes.go:290.46,291.27 1 0
github.com/kubernetes/kompose/pkg/transformer/kubernetes/kubernetes.go:294.2,294.45 1 0
github.com/kubernetes/kompose/pkg/transformer/kubernetes/kubernetes.go:297.2,297.13 1 0
github.com/kubernetes/kompose/pkg/transformer/kubernetes/kubernetes.go:291.27,293.3 1 0
github.com/kubernetes/kompose/pkg/transformer/kubernetes/kubernetes.go:294.45,296.3 1 0
github.com/kubernetes/kompose/pkg/transformer/kubernetes/kubernetes.go:301.120,303.16 2 0
github.com/kubernetes/kompose/pkg/transformer/kubernetes/kubernetes.go:307.2,311.54 4 0
github.com/kubernetes/kompose/pkg/transformer/kubernetes/kubernetes.go:316.2,327.18 2 0
github.com/kubernetes/kompose/pkg/transformer/kubernetes/kubernetes.go:303.16,305.3 1 0
github.com/kubernetes/kompose/pkg/transformer/kubernetes/kubernetes.go:311.54,312.33 1 0
github.com/kubernetes/kompose/pkg/transformer/kubernetes/kubernetes.go:312.33,314.4 1 0
github.com/kubernetes/kompose/pkg/transformer/kubernetes/kubernetes.go:331.105,333.30 2 19
github.com/kubernetes/kompose/pkg/transformer/kubernetes/kubernetes.go:339.2,367.19 5 19
github.com/kubernetes/kompose/pkg/transformer/kubernetes/kubernetes.go:383.2,383.11 1 19
github.com/kubernetes/kompose/pkg/transformer/kubernetes/kubernetes.go:333.30,335.3 1 0
github.com/kubernetes/kompose/pkg/transformer/kubernetes/kubernetes.go:335.8,337.3 1 19
github.com/kubernetes/kompose/pkg/transformer/kubernetes/kubernetes.go:367.19,373.29 3 0
github.com/kubernetes/kompose/pkg/transformer/kubernetes/kubernetes.go:376.3,377.35 2 0
github.com/kubernetes/kompose/pkg/transformer/kubernetes/kubernetes.go:380.3,380.99 1 0
github.com/kubernetes/kompose/pkg/transformer/kubernetes/kubernetes.go:373.29,375.4 1 0
github.com/kubernetes/kompose/pkg/transformer/kubernetes/kubernetes.go:377.35,379.4 1 0
github.com/kubernetes/kompose/pkg/transformer/kubernetes/kubernetes.go:387.91,404.2 2 3
github.com/kubernetes/kompose/pkg/transformer/kubernetes/kubernetes.go:406.117,424.29 4 2
github.com/kubernetes/kompose/pkg/transformer/kubernetes/kubernetes.go:448.2,448.36 1 2
github.com/kubernetes/kompose/pkg/transformer/kubernetes/kubernetes.go:465.2,465.16 1 2
github.com/kubernetes/kompose/pkg/transformer/kubernetes/kubernetes.go:424.29,443.21 3 2
github.com/kubernetes/kompose/pkg/transformer/kubernetes/kubernetes.go:443.21,446.4 2 1
github.com/kubernetes/kompose/pkg/transformer/kubernetes/kubernetes.go:448.36,449.41 1 0
github.com/kubernetes/kompose/pkg/transformer/kubernetes/kubernetes.go:449.41,456.4 1 0
github.com/kubernetes/kompose/pkg/transformer/kubernetes/kubernetes.go:456.9,462.4 1 0
github.com/kubernetes/kompose/pkg/transformer/kubernetes/kubernetes.go:469.96,471.50 2 0
github.com/kubernetes/kompose/pkg/transformer/kubernetes/kubernetes.go:496.2,496.21 1 0
github.com/kubernetes/kompose/pkg/transformer/kubernetes/kubernetes.go:471.50,472.24 1 0
github.com/kubernetes/kompose/pkg/transformer/kubernetes/kubernetes.go:472.24,474.18 2 0
github.com/kubernetes/kompose/pkg/transformer/kubernetes/kubernetes.go:478.4,491.37 3 0
github.com/kubernetes/kompose/pkg/transformer/kubernetes/kubernetes.go:474.18,477.5 2 0
github.com/kubernetes/kompose/pkg/transformer/kubernetes/kubernetes.go:492.9,494.4 1 0
github.com/kubernetes/kompose/pkg/transformer/kubernetes/kubernetes.go:500.129,502.16 2 17
github.com/kubernetes/kompose/pkg/transformer/kubernetes/kubernetes.go:506.2,524.28 2 17
github.com/kubernetes/kompose/pkg/transformer/kubernetes/kubernetes.go:530.2,530.18 1 17
github.com/kubernetes/kompose/pkg/transformer/kubernetes/kubernetes.go:535.2,535.17 1 17
github.com/kubernetes/kompose/pkg/transformer/kubernetes/kubernetes.go:502.16,504.3 1 0
github.com/kubernetes/kompose/pkg/transformer/kubernetes/kubernetes.go:524.28,528.3 1 0
github.com/kubernetes/kompose/pkg/transformer/kubernetes/kubernetes.go:530.18,532.3 1 0
github.com/kubernetes/kompose/pkg/transformer/kubernetes/kubernetes.go:532.8,534.3 1 17
github.com/kubernetes/kompose/pkg/transformer/kubernetes/kubernetes.go:539.82,542.36 3 27
github.com/kubernetes/kompose/pkg/transformer/kubernetes/kubernetes.go:563.2,563.14 1 27
github.com/kubernetes/kompose/pkg/transformer/kubernetes/kubernetes.go:542.36,544.62 1 38
github.com/kubernetes/kompose/pkg/transformer/kubernetes/kubernetes.go:548.3,548.39 1 38
github.com/kubernetes/kompose/pkg/transformer/kubernetes/kubernetes.go:560.3,560.65 1 38
github.com/kubernetes/kompose/pkg/transformer/kubernetes/kubernetes.go:544.62,545.12 1 0
github.com/kubernetes/kompose/pkg/transformer/kubernetes/kubernetes.go:548.39,553.4 1 6
github.com/kubernetes/kompose/pkg/transformer/kubernetes/kubernetes.go:553.9,559.4 1 32
github.com/kubernetes/kompose/pkg/transformer/kubernetes/kubernetes.go:566.126,569.36 3 0
github.com/kubernetes/kompose/pkg/transformer/kubernetes/kubernetes.go:594.2,594.27 1 0
github.com/kubernetes/kompose/pkg/transformer/kubernetes/kubernetes.go:569.36,570.25 1 0
github.com/kubernetes/kompose/pkg/transformer/kubernetes/kubernetes.go:573.3,584.39 5 0
github.com/kubernetes/kompose/pkg/transformer/kubernetes/kubernetes.go:588.3,588.39 1 0
github.com/kubernetes/kompose/pkg/transformer/kubernetes/kubernetes.go:570.25,572.4 1 0
github.com/kubernetes/kompose/pkg/transformer/kubernetes/kubernetes.go:584.39,586.4 1 0
github.com/kubernetes/kompose/pkg/transformer/kubernetes/kubernetes.go:588.39,590.4 1 0
github.com/kubernetes/kompose/pkg/transformer/kubernetes/kubernetes.go:590.9,592.4 1 0
github.com/kubernetes/kompose/pkg/transformer/kubernetes/kubernetes.go:598.103,603.36 4 23
github.com/kubernetes/kompose/pkg/transformer/kubernetes/kubernetes.go:640.2,640.21 1 23
github.com/kubernetes/kompose/pkg/transformer/kubernetes/kubernetes.go:603.36,604.25 1 39
github.com/kubernetes/kompose/pkg/transformer/kubernetes/kubernetes.go:608.3,614.49 5 39
github.com/kubernetes/kompose/pkg/transformer/kubernetes/kubernetes.go:622.3,628.90 2 39
github.com/kubernetes/kompose/pkg/transformer/kubernetes/kubernetes.go:633.3,633.39 1 39
github.com/kubernetes/kompose/pkg/transformer/kubernetes/kubernetes.go:637.3,638.45 2 39
github.com/kubernetes/kompose/pkg/transformer/kubernetes/kubernetes.go:604.25,606.4 1 0
github.com/kubernetes/kompose/pkg/transformer/kubernetes/kubernetes.go:614.49,616.66 1 16
github.com/kubernetes/kompose/pkg/transformer/kubernetes/kubernetes.go:619.4,619.77 1 16
github.com/kubernetes/kompose/pkg/transformer/kubernetes/kubernetes.go:616.66,618.5 1 0
github.com/kubernetes/kompose/pkg/transformer/kubernetes/kubernetes.go:628.90,630.4 1 0
github.com/kubernetes/kompose/pkg/transformer/kubernetes/kubernetes.go:633.39,635.4 1 32
github.com/kubernetes/kompose/pkg/transformer/kubernetes/kubernetes.go:644.74,647.40 3 29
github.com/kubernetes/kompose/pkg/transformer/kubernetes/kubernetes.go:650.2,650.42 1 29
github.com/kubernetes/kompose/pkg/transformer/kubernetes/kubernetes.go:653.2,656.3 1 29
github.com/kubernetes/kompose/pkg/transformer/kubernetes/kubernetes.go:647.40,649.3 1 22
[...]
github.com/kubernetes/kompose/pkg/transformer/kubernetes/kubernetes.go:1340.6,1340.23 1 0
github.com/kubernetes/kompose/pkg/transformer/kubernetes/kubernetes.go:1337.31,1339.7 1 0
github.com/kubernetes/kompose/pkg/transformer/kubernetes/kubernetes.go:1340.23,1342.7 1 0
github.com/kubernetes/kompose/pkg/transformer/kubernetes/kubernetes.go:1343.11,1346.37 3 16
github.com/kubernetes/kompose/pkg/transformer/kubernetes/kubernetes.go:1346.37,1348.7 1 2
github.com/kubernetes/kompose/pkg/transformer/kubernetes/kubernetes.go:1350.10,1351.42 1 5
github.com/kubernetes/kompose/pkg/transformer/kubernetes/kubernetes.go:1351.42,1354.6 2 2
github.com/kubernetes/kompose/pkg/transformer/kubernetes/kubernetes.go:1354.11,1356.6 1 3
github.com/kubernetes/kompose/pkg/transformer/kubernetes/kubernetes.go:1360.18,1362.5 1 0
github.com/kubernetes/kompose/pkg/transformer/kubernetes/kubernetes.go:1364.32,1365.41 1 16
github.com/kubernetes/kompose/pkg/transformer/kubernetes/kubernetes.go:1365.41,1369.20 3 32
github.com/kubernetes/kompose/pkg/transformer/kubernetes/kubernetes.go:1372.6,1372.35 1 32
github.com/kubernetes/kompose/pkg/transformer/kubernetes/kubernetes.go:1369.20,1371.7 1 0
github.com/kubernetes/kompose/pkg/transformer/kubernetes/kubernetes.go:1389.162,1390.25 1 67
github.com/kubernetes/kompose/pkg/transformer/kubernetes/kubernetes.go:1423.2,1423.12 1 67
github.com/kubernetes/kompose/pkg/transformer/kubernetes/kubernetes.go:1391.26,1393.17 2 19
github.com/kubernetes/kompose/pkg/transformer/kubernetes/kubernetes.go:1396.3,1396.28 1 19
github.com/kubernetes/kompose/pkg/transformer/kubernetes/kubernetes.go:1397.25,1399.17 2 3
github.com/kubernetes/kompose/pkg/transformer/kubernetes/kubernetes.go:1402.3,1402.28 1 3
github.com/kubernetes/kompose/pkg/transformer/kubernetes/kubernetes.go:1403.35,1405.17 2 0
github.com/kubernetes/kompose/pkg/transformer/kubernetes/kubernetes.go:1408.3,1408.28 1 0
github.com/kubernetes/kompose/pkg/transformer/kubernetes/kubernetes.go:1409.16,1415.17 3 2
github.com/kubernetes/kompose/pkg/transformer/kubernetes/kubernetes.go:1418.3,1419.30 2 2
github.com/kubernetes/kompose/pkg/transformer/kubernetes/kubernetes.go:1420.29,1421.28 1 0
github.com/kubernetes/kompose/pkg/transformer/kubernetes/kubernetes.go:1393.17,1395.4 1 0
github.com/kubernetes/kompose/pkg/transformer/kubernetes/kubernetes.go:1399.17,1401.4 1 0
github.com/kubernetes/kompose/pkg/transformer/kubernetes/kubernetes.go:1405.17,1407.4 1 0
github.com/kubernetes/kompose/pkg/transformer/kubernetes/kubernetes.go:1415.17,1417.4 1 0
github.com/kubernetes/kompose/pkg/transformer/kubernetes/podspec.go:22.92,23.32 1 6
github.com/kubernetes/kompose/pkg/transformer/kubernetes/podspec.go:23.32,27.18 3 6
github.com/kubernetes/kompose/pkg/transformer/kubernetes/podspec.go:32.3,32.37 1 6
github.com/kubernetes/kompose/pkg/transformer/kubernetes/podspec.go:36.3,37.17 2 6
github.com/kubernetes/kompose/pkg/transformer/kubernetes/podspec.go:41.3,51.43 2 6
github.com/kubernetes/kompose/pkg/transformer/kubernetes/podspec.go:27.18,29.4 1 0
github.com/kubernetes/kompose/pkg/transformer/kubernetes/podspec.go:32.37,34.4 1 2
github.com/kubernetes/kompose/pkg/transformer/kubernetes/podspec.go:37.17,38.41 1 0
github.com/kubernetes/kompose/pkg/transformer/kubernetes/podspec.go:55.56,56.32 1 0
github.com/kubernetes/kompose/pkg/transformer/kubernetes/podspec.go:56.32,62.3 1 0
github.com/kubernetes/kompose/pkg/transformer/kubernetes/podspec.go:65.94,66.32 1 6
github.com/kubernetes/kompose/pkg/transformer/kubernetes/podspec.go:66.32,68.36 2 6
github.com/kubernetes/kompose/pkg/transformer/kubernetes/podspec.go:68.36,70.18 2 0
github.com/kubernetes/kompose/pkg/transformer/kubernetes/podspec.go:70.18,72.5 1 0
github.com/kubernetes/kompose/pkg/transformer/kubernetes/podspec.go:78.67,79.32 1 6
github.com/kubernetes/kompose/pkg/transformer/kubernetes/podspec.go:79.32,80.53 1 6
github.com/kubernetes/kompose/pkg/transformer/kubernetes/podspec.go:80.53,83.29 2 0
github.com/kubernetes/kompose/pkg/transformer/kubernetes/podspec.go:87.4,87.29 1 0
github.com/kubernetes/kompose/pkg/transformer/kubernetes/podspec.go:91.4,91.38 1 0
github.com/kubernetes/kompose/pkg/transformer/kubernetes/podspec.go:83.29,85.5 1 0
github.com/kubernetes/kompose/pkg/transformer/kubernetes/podspec.go:87.29,89.5 1 0
github.com/kubernetes/kompose/pkg/transformer/kubernetes/podspec.go:91.38,93.5 1 0
github.com/kubernetes/kompose/pkg/transformer/kubernetes/podspec.go:99.69,100.32 1 6
github.com/kubernetes/kompose/pkg/transformer/kubernetes/podspec.go:100.32,101.65 1 6
github.com/kubernetes/kompose/pkg/transformer/kubernetes/podspec.go:101.65,104.35 2 0
github.com/kubernetes/kompose/pkg/transformer/kubernetes/podspec.go:108.4,108.35 1 0
github.com/kubernetes/kompose/pkg/transformer/kubernetes/podspec.go:112.4,112.38 1 0
github.com/kubernetes/kompose/pkg/transformer/kubernetes/podspec.go:104.35,106.5 1 0
github.com/kubernetes/kompose/pkg/transformer/kubernetes/podspec.go:108.35,110.5 1 0
github.com/kubernetes/kompose/pkg/transformer/kubernetes/podspec.go:112.38,114.5 1 0
github.com/kubernetes/kompose/pkg/transformer/kubernetes/podspec.go:120.80,121.32 1 6
github.com/kubernetes/kompose/pkg/transformer/kubernetes/podspec.go:121.32,126.24 2 6
github.com/kubernetes/kompose/pkg/transformer/kubernetes/podspec.go:135.3,135.30 1 6
github.com/kubernetes/kompose/pkg/transformer/kubernetes/podspec.go:140.3,141.25 2 6
github.com/kubernetes/kompose/pkg/transformer/kubernetes/podspec.go:144.3,144.25 1 6
github.com/kubernetes/kompose/pkg/transformer/kubernetes/podspec.go:154.3,157.62 2 6
github.com/kubernetes/kompose/pkg/transformer/kubernetes/podspec.go:162.3,162.50 1 6
github.com/kubernetes/kompose/pkg/transformer/kubernetes/podspec.go:165.3,165.72 1 6
github.com/kubernetes/kompose/pkg/transformer/kubernetes/podspec.go:126.24,127.29 1 0
github.com/kubernetes/kompose/pkg/transformer/kubernetes/podspec.go:127.30,129.5 0 0
github.com/kubernetes/kompose/pkg/transformer/kubernetes/podspec.go:129.10,131.5 1 0
github.com/kubernetes/kompose/pkg/transformer/kubernetes/podspec.go:135.30,137.4 1 6
github.com/kubernetes/kompose/pkg/transformer/kubernetes/podspec.go:141.25,143.4 1 6
github.com/kubernetes/kompose/pkg/transformer/kubernetes/podspec.go:144.25,146.18 2 0
github.com/kubernetes/kompose/pkg/transformer/kubernetes/podspec.go:146.18,148.5 1 0
github.com/kubernetes/kompose/pkg/transformer/kubernetes/podspec.go:148.10,150.5 1 0
github.com/kubernetes/kompose/pkg/transformer/kubernetes/podspec.go:157.62,159.4 1 6
github.com/kubernetes/kompose/pkg/transformer/kubernetes/podspec.go:162.50,164.4 1 6
github.com/kubernetes/kompose/pkg/transformer/kubernetes/podspec.go:165.72,167.4 1 6
github.com/kubernetes/kompose/pkg/transformer/kubernetes/podspec.go:171.54,173.33 2 12
github.com/kubernetes/kompose/pkg/transformer/kubernetes/podspec.go:176.2,176.12 1 12
github.com/kubernetes/kompose/pkg/transformer/kubernetes/podspec.go:173.33,175.3 1 9
github.com/kubernetes/kompose/pkg/transformer/kubernetes/podspec.go:179.53,180.32 1 6
github.com/kubernetes/kompose/pkg/transformer/kubernetes/podspec.go:180.32,183.81 3 6
github.com/kubernetes/kompose/pkg/transformer/kubernetes/podspec.go:183.81,184.35 1 3
github.com/kubernetes/kompose/pkg/transformer/kubernetes/podspec.go:184.35,185.38 1 3
github.com/kubernetes/kompose/pkg/transformer/kubernetes/podspec.go:185.38,187.11 2 3
github.com/kubernetes/kompose/pkg/transformer/kubernetes/podspec.go:194.69,196.43 2 15
github.com/kubernetes/kompose/pkg/transformer/kubernetes/podspec.go:199.2,199.12 1 15
github.com/kubernetes/kompose/pkg/transformer/kubernetes/podspec.go:196.43,198.3 1 9
github.com/kubernetes/kompose/pkg/transformer/kubernetes/podspec.go:202.68,203.32 1 6
github.com/kubernetes/kompose/pkg/transformer/kubernetes/podspec.go:203.32,205.37 2 6
github.com/kubernetes/kompose/pkg/transformer/kubernetes/podspec.go:205.37,207.97 2 9
github.com/kubernetes/kompose/pkg/transformer/kubernetes/podspec.go:207.97,208.46 1 6
github.com/kubernetes/kompose/pkg/transformer/kubernetes/podspec.go:208.46,209.54 1 6
github.com/kubernetes/kompose/pkg/transformer/kubernetes/podspec.go:209.54,211.12 2 6
github.com/kubernetes/kompose/pkg/transformer/kubernetes/podspec.go:220.73,221.32 1 6
github.com/kubernetes/kompose/pkg/transformer/kubernetes/podspec.go:221.32,225.37 2 6
github.com/kubernetes/kompose/pkg/transformer/kubernetes/podspec.go:225.37,227.4 1 9
github.com/kubernetes/kompose/pkg/transformer/kubernetes/podspec.go:232.80,233.32 1 6
github.com/kubernetes/kompose/pkg/transformer/kubernetes/podspec.go:233.32,234.83 1 6
github.com/kubernetes/kompose/pkg/transformer/kubernetes/podspec.go:234.83,235.14 1 0
github.com/kubernetes/kompose/pkg/transformer/kubernetes/podspec.go:236.9,237.38 1 6
github.com/kubernetes/kompose/pkg/transformer/kubernetes/podspec.go:237.38,239.5 1 9
github.com/kubernetes/kompose/pkg/transformer/kubernetes/podspec.go:245.78,246.32 1 6
github.com/kubernetes/kompose/pkg/transformer/kubernetes/podspec.go:246.32,247.74 1 6
github.com/kubernetes/kompose/pkg/transformer/kubernetes/podspec.go:247.74,248.14 1 0
github.com/kubernetes/kompose/pkg/transformer/kubernetes/podspec.go:249.9,251.4 1 6
github.com/kubernetes/kompose/pkg/transformer/kubernetes/podspec.go:255.60,256.32 1 6
github.com/kubernetes/kompose/pkg/transformer/kubernetes/podspec.go:256.32,258.29 1 6
github.com/kubernetes/kompose/pkg/transformer/kubernetes/podspec.go:258.29,260.4 1 0
github.com/kubernetes/kompose/pkg/transformer/kubernetes/podspec.go:264.62,265.32 1 6
github.com/kubernetes/kompose/pkg/transformer/kubernetes/podspec.go:265.32,266.31 1 6
github.com/kubernetes/kompose/pkg/transformer/kubernetes/podspec.go:266.31,268.4 1 0
github.com/kubernetes/kompose/pkg/transformer/kubernetes/podspec.go:272.65,273.32 1 6
github.com/kubernetes/kompose/pkg/transformer/kubernetes/podspec.go:273.32,276.79 1 6
github.com/kubernetes/kompose/pkg/transformer/kubernetes/podspec.go:276.79,279.51 2 0
github.com/kubernetes/kompose/pkg/transformer/kubernetes/podspec.go:297.4,306.38 5 0
github.com/kubernetes/kompose/pkg/transformer/kubernetes/podspec.go:279.51,285.5 1 0
github.com/kubernetes/kompose/pkg/transformer/kubernetes/podspec.go:285.10,286.71 1 0
github.com/kubernetes/kompose/pkg/transformer/kubernetes/podspec.go:286.71,293.5 1 0
github.com/kubernetes/kompose/pkg/transformer/kubernetes/podspec.go:293.10,294.61 1 0
github.com/kubernetes/kompose/pkg/transformer/kubernetes/podspec.go:306.38,308.5 1 0
github.com/kubernetes/kompose/pkg/transformer/kubernetes/podspec.go:313.66,314.32 1 6
github.com/kubernetes/kompose/pkg/transformer/kubernetes/podspec.go:314.32,315.80 1 6
github.com/kubernetes/kompose/pkg/transformer/kubernetes/podspec.go:315.80,317.52 2 0
github.com/kubernetes/kompose/pkg/transformer/kubernetes/podspec.go:327.4,336.38 5 0
github.com/kubernetes/kompose/pkg/transformer/kubernetes/podspec.go:317.52,323.5 1 0
github.com/kubernetes/kompose/pkg/transformer/kubernetes/podspec.go:323.10,324.61 1 0
github.com/kubernetes/kompose/pkg/transformer/kubernetes/podspec.go:336.38,338.5 1 0
github.com/kubernetes/kompose/pkg/transformer/kubernetes/podspec.go:343.63,344.29 1 18
github.com/kubernetes/kompose/pkg/transformer/kubernetes/podspec.go:347.2,347.16 1 18
github.com/kubernetes/kompose/pkg/transformer/kubernetes/podspec.go:344.29,346.3 1 84
github.com/kubernetes/kompose/pkg/transformer/kubernetes/podspec.go:350.43,352.2 1 4
github.com/kubernetes/kompose/pkg/transformer/openshift/openshift.go:59.131,60.25 1 1
github.com/kubernetes/kompose/pkg/transformer/openshift/openshift.go:66.2,67.28 2 1
github.com/kubernetes/kompose/pkg/transformer/openshift/openshift.go:71.2,73.56 2 1
github.com/kubernetes/kompose/pkg/transformer/openshift/openshift.go:84.2,97.11 2 1
github.com/kubernetes/kompose/pkg/transformer/openshift/openshift.go:60.25,62.3 1 0
github.com/kubernetes/kompose/pkg/transformer/openshift/openshift.go:67.28,69.3 1 0
github.com/kubernetes/kompose/pkg/transformer/openshift/openshift.go:73.56,82.3 1 1
github.com/kubernetes/kompose/pkg/transformer/openshift/openshift.go:100.125,103.51 3 2
github.com/kubernetes/kompose/pkg/transformer/openshift/openshift.go:112.2,113.16 2 2
github.com/kubernetes/kompose/pkg/transformer/openshift/openshift.go:117.2,155.16 2 2
github.com/kubernetes/kompose/pkg/transformer/openshift/openshift.go:103.51,104.26 1 2
github.com/kubernetes/kompose/pkg/transformer/openshift/openshift.go:107.3,107.76 1 2
github.com/kubernetes/kompose/pkg/transformer/openshift/openshift.go:104.26,106.4 1 0
github.com/kubernetes/kompose/pkg/transformer/openshift/openshift.go:113.16,115.3 1 0
github.com/kubernetes/kompose/pkg/transformer/openshift/openshift.go:159.128,166.33 3 3
github.com/kubernetes/kompose/pkg/transformer/openshift/openshift.go:170.2,171.30 2 3
github.com/kubernetes/kompose/pkg/transformer/openshift/openshift.go:177.2,218.19 3 3
github.com/kubernetes/kompose/pkg/transformer/openshift/openshift.go:226.2,226.11 1 3
github.com/kubernetes/kompose/pkg/transformer/openshift/openshift.go:166.33,168.3 1 3
github.com/kubernetes/kompose/pkg/transformer/openshift/openshift.go:171.30,173.3 1 0
github.com/kubernetes/kompose/pkg/transformer/openshift/openshift.go:173.8,175.3 1 3
github.com/kubernetes/kompose/pkg/transformer/openshift/openshift.go:218.19,224.3 2 0
github.com/kubernetes/kompose/pkg/transformer/openshift/openshift.go:229.103,252.37 2 2
github.com/kubernetes/kompose/pkg/transformer/openshift/openshift.go:255.2,255.14 1 2
github.com/kubernetes/kompose/pkg/transformer/openshift/openshift.go:252.37,254.3 1 1
github.com/kubernetes/kompose/pkg/transformer/openshift/openshift.go:260.122,262.36 2 3
github.com/kubernetes/kompose/pkg/transformer/openshift/openshift.go:266.2,272.34 6 3
github.com/kubernetes/kompose/pkg/transformer/openshift/openshift.go:282.2,283.34 2 3
github.com/kubernetes/kompose/pkg/transformer/openshift/openshift.go:423.2,427.24 3 2
github.com/kubernetes/kompose/pkg/transformer/openshift/openshift.go:262.36,264.3 1 0
github.com/kubernetes/kompose/pkg/transformer/openshift/openshift.go:272.34,274.17 2 0
github.com/kubernetes/kompose/pkg/transformer/openshift/openshift.go:277.3,277.32 1 0
github.com/kubernetes/kompose/pkg/transformer/openshift/openshift.go:274.17,276.4 1 0
github.com/kubernetes/kompose/pkg/transformer/openshift/openshift.go:277.32,279.4 1 0
github.com/kubernetes/kompose/pkg/transformer/openshift/openshift.go:283.34,289.52 4 3
github.com/kubernetes/kompose/pkg/transformer/openshift/openshift.go:296.3,296.37 1 3
github.com/kubernetes/kompose/pkg/transformer/openshift/openshift.go:304.3,304.75 1 3
github.com/kubernetes/kompose/pkg/transformer/openshift/openshift.go:330.3,330.65 1 3
github.com/kubernetes/kompose/pkg/transformer/openshift/openshift.go:392.3,392.28 1 2
github.com/kubernetes/kompose/pkg/transformer/openshift/openshift.go:414.3,415.17 2 2
github.com/kubernetes/kompose/pkg/transformer/openshift/openshift.go:419.3,419.46 1 2
github.com/kubernetes/kompose/pkg/transformer/openshift/openshift.go:289.52,291.4 1 3
github.com/kubernetes/kompose/pkg/transformer/openshift/openshift.go:291.9,293.4 1 0
github.com/kubernetes/kompose/pkg/transformer/openshift/openshift.go:296.37,298.4 1 0
github.com/kubernetes/kompose/pkg/transformer/openshift/openshift.go:304.75,306.27 1 0
github.com/kubernetes/kompose/pkg/transformer/openshift/openshift.go:310.4,310.27 1 0
github.com/kubernetes/kompose/pkg/transformer/openshift/openshift.go:315.4,316.18 2 0
github.com/kubernetes/kompose/pkg/transformer/openshift/openshift.go:321.4,321.21 1 0
github.com/kubernetes/kompose/pkg/transformer/openshift/openshift.go:306.27,308.5 1 0
github.com/kubernetes/kompose/pkg/transformer/openshift/openshift.go:310.27,312.5 1 0
github.com/kubernetes/kompose/pkg/transformer/openshift/openshift.go:316.18,318.5 1 0
github.com/kubernetes/kompose/pkg/transformer/openshift/openshift.go:321.21,323.19 2 0
github.com/kubernetes/kompose/pkg/transformer/openshift/openshift.go:323.19,325.6 1 0
github.com/kubernetes/kompose/pkg/transformer/openshift/openshift.go:330.65,332.34 1 1
github.com/kubernetes/kompose/pkg/transformer/openshift/openshift.go:335.4,336.34 2 0
github.com/kubernetes/kompose/pkg/transformer/openshift/openshift.go:332.34,334.5 1 1
github.com/kubernetes/kompose/pkg/transformer/openshift/openshift.go:337.9,340.34 2 2
github.com/kubernetes/kompose/pkg/transformer/openshift/openshift.go:348.4,348.58 1 2
github.com/kubernetes/kompose/pkg/transformer/openshift/openshift.go:340.34,344.5 2 1
github.com/kubernetes/kompose/pkg/transformer/openshift/openshift.go:348.58,351.19 2 0
github.com/kubernetes/kompose/pkg/transformer/openshift/openshift.go:357.5,357.66 1 0
github.com/kubernetes/kompose/pkg/transformer/openshift/openshift.go:362.5,362.26 1 0
github.com/kubernetes/kompose/pkg/transformer/openshift/openshift.go:370.5,370.28 1 0
github.com/kubernetes/kompose/pkg/transformer/openshift/openshift.go:381.5,382.19 2 0
github.com/kubernetes/kompose/pkg/transformer/openshift/openshift.go:385.5,388.77 2 0
github.com/kubernetes/kompose/pkg/transformer/openshift/openshift.go:351.19,353.14 2 0
github.com/kubernetes/kompose/pkg/transformer/openshift/openshift.go:357.66,359.6 1 0
github.com/kubernetes/kompose/pkg/transformer/openshift/openshift.go:362.26,364.20 2 0
github.com/kubernetes/kompose/pkg/transformer/openshift/openshift.go:364.20,366.7 1 0
github.com/kubernetes/kompose/pkg/transformer/openshift/openshift.go:370.28,371.20 1 0
github.com/kubernetes/kompose/pkg/transformer/openshift/openshift.go:374.6,375.20 2 0
github.com/kubernetes/kompose/pkg/transformer/openshift/openshift.go:371.20,373.7 1 0
github.com/kubernetes/kompose/pkg/transformer/openshift/openshift.go:375.20,377.7 1 0
github.com/kubernetes/kompose/pkg/transformer/openshift/openshift.go:382.19,384.6 1 0
github.com/kubernetes/kompose/pkg/transformer/openshift/openshift.go:392.28,393.45 1 0
github.com/kubernetes/kompose/pkg/transformer/openshift/openshift.go:393.45,395.30 2 0
github.com/kubernetes/kompose/pkg/transformer/openshift/openshift.go:398.5,398.22 1 0
github.com/kubernetes/kompose/pkg/transformer/openshift/openshift.go:395.30,397.6 1 0
github.com/kubernetes/kompose/pkg/transformer/openshift/openshift.go:398.22,400.6 1 0
github.com/kubernetes/kompose/pkg/transformer/openshift/openshift.go:401.10,405.36 3 0
github.com/kubernetes/kompose/pkg/transformer/openshift/openshift.go:405.36,407.6 1 0
github.com/kubernetes/kompose/pkg/transformer/openshift/openshift.go:409.9,409.47 1 2
github.com/kubernetes/kompose/pkg/transformer/openshift/openshift.go:409.47,412.4 2 1
github.com/kubernetes/kompose/pkg/transformer/openshift/openshift.go:415.17,417.4 1 0
github.com/kubernetes/kompose/pkg/transformer/openshift/utils.go:10.39,22.17 3 7
github.com/kubernetes/kompose/pkg/transformer/openshift/utils.go:26.2,27.17 2 7
github.com/kubernetes/kompose/pkg/transformer/openshift/utils.go:30.2,30.17 1 5
github.com/kubernetes/kompose/pkg/transformer/openshift/utils.go:22.17,24.3 1 0
github.com/kubernetes/kompose/pkg/transformer/openshift/utils.go:27.17,29.3 1 2
github.com/kubernetes/kompose/pkg/transformer/openshift/utils.go:34.57,38.16 4 6
github.com/kubernetes/kompose/pkg/transformer/openshift/utils.go:42.2,43.24 2 4
github.com/kubernetes/kompose/pkg/transformer/openshift/utils.go:38.16,40.3 1 2
github.com/kubernetes/kompose/pkg/transformer/openshift/utils.go:47.26,50.2 2 0
github.com/kubernetes/kompose/pkg/transformer/openshift/utils.go:53.68,57.16 4 2
github.com/kubernetes/kompose/pkg/transformer/openshift/utils.go:60.2,61.37 2 1
github.com/kubernetes/kompose/pkg/transformer/openshift/utils.go:64.2,64.17 1 1
github.com/kubernetes/kompose/pkg/transformer/openshift/utils.go:57.16,59.3 1 1
github.com/kubernetes/kompose/pkg/transformer/openshift/utils.go:61.37,63.3 1 1
github.com/kubernetes/kompose/pkg/transformer/openshift/utils.go:68.65,72.16 4 2
github.com/kubernetes/kompose/pkg/transformer/openshift/utils.go:75.2,75.50 1 1
github.com/kubernetes/kompose/pkg/transformer/openshift/utils.go:72.16,74.3 1 1
